computeVectorTable...completed
computeMtpCisPairs...completed: 12227 MTPs found

removeTranslationallyEquivalentMtps
...DONE: 8418 translationally distinct MTPs
Finding best TEC

Best TEC: (5.67,0.89) T(P(p(52,29),p(60,27),p(64,29),p(68,28),p(72,29),p(74,28),p(76,27),p(80,27),p(84,28),p(88,28),p(92,31),p(96,29),p(98,28),p(100,27),p(108,29),p(116,28),p(124,27)),V(v(0,0),v(436,0),v(568,0),v(812,0),v(904,0),v(1444,0),v(1572,0),v(1700,0)))
computeVectorTable...completed
computeMtpCisPairs...completed: 10970 MTPs found

removeTranslationallyEquivalentMtps
...DONE: 7054 translationally distinct MTPs
Finding best TEC

Best TEC: (4.24,0.92) T(P(p(4,30),p(10,31),p(12,30),p(16,29),p(22,28),p(24,27),p(28,29),p(32,28),p(40,30),p(46,31),p(48,30),p(58,28)),V(v(0,0),v(568,0),v(1148,0),v(1356,0),v(1572,0),v(1700,0)))
computeVectorTable...completed
computeMtpCisPairs...completed: 9384 MTPs found

removeTranslationallyEquivalentMtps
...DONE: 5758 translationally distinct MTPs
Finding best TEC

Best TEC: (3.33,1.00) T(P(p(216,29),p(218,28),p(220,27),p(224,27),p(226,27),p(228,28),p(232,32),p(236,31)),V(v(0,0),v(160,0),v(868,0),v(1004,0),v(1088,-1)))
computeVectorTable...completed
computeMtpCisPairs...completed: 8648 MTPs found

removeTranslationallyEquivalentMtps
...DONE: 4795 translationally distinct MTPs
Finding best TEC

Best TEC: (3.46,0.83) T(P(p(148,29),p(156,27),p(158,28),p(160,29),p(164,28)),V(v(0,0),v(44,0),v(148,0),v(196,0),v(684,0),v(912,0),v(1052,0),v(1136,-1),v(1260,0)))
computeVectorTable...completed
computeMtpCisPairs...completed: 7846 MTPs found

removeTranslationallyEquivalentMtps
...DONE: 3669 translationally distinct MTPs
Finding best TEC

Best TEC: (2.67,1.00) T(P(p(258,30),p(260,29),p(264,28),p(268,27)),V(v(0,0),v(548,0),v(868,0),v(1000,0),v(1084,-1),v(1208,0)))
computeVectorTable...completed
computeMtpCisPairs...completed: 7183 MTPs found

removeTranslationallyEquivalentMtps
...DONE: 2917 translationally distinct MTPs
Finding best TEC

Best TEC: (2.38,0.13) T(P(p(284,30),p(290,31),p(944,30),p(950,31),p(952,30)),V(v(0,0),v(486,-2),v(488,-3),v(540,0)))
computeVectorTable...completed
computeMtpCisPairs...completed: 6433 MTPs found

removeTranslationallyEquivalentMtps
...DONE: 2273 translationally distinct MTPs
Finding best TEC

Best TEC: (2.33,0.43) T(P(p(188,30),p(448,30),p(484,30)),V(v(0,0),v(248,-6),v(252,0),v(272,-3),v(276,-1),v(280,-2),v(354,-2)))
computeVectorTable...completed
computeMtpCisPairs...completed: 5726 MTPs found

removeTranslationallyEquivalentMtps
...DONE: 1622 translationally distinct MTPs
Finding best TEC

Best TEC: (2.14,0.24) T(P(p(128,24),p(132,29),p(140,31),p(154,28),p(212,30)),V(v(0,0),v(44,0),v(912,0)))
computeVectorTable...completed
computeMtpCisPairs...completed: 4919 MTPs found

removeTranslationallyEquivalentMtps
...DONE: 1204 translationally distinct MTPs
Finding best TEC

Best TEC: (2.00,1.00) T(P(p(798,28),p(800,27),p(804,29)),V(v(0,0),v(452,1),v(536,0),v(660,0)))
computeVectorTable...completed
computeMtpCisPairs...completed: 4353 MTPs found

removeTranslationallyEquivalentMtps
...DONE: 894 translationally distinct MTPs
Finding best TEC

Best TEC: (2.00,1.00) T(P(p(708,29),p(714,28),p(716,27)),V(v(0,0),v(36,0),v(80,2),v(740,2)))
computeVectorTable...completed
computeMtpCisPairs...completed: 3738 MTPs found

removeTranslationallyEquivalentMtps
...DONE: 644 translationally distinct MTPs
Finding best TEC

Best TEC: (1.80,1.00) T(P(p(0,23),p(36,23)),V(v(0,0),v(26,5),v(410,7),v(446,7),v(462,4),v(568,1),v(594,5),v(718,4),v(719,4),v(722,5),v(1148,1),v(1356,1),v(1572,0),v(1700,1)))
computeVectorTable...completed
computeMtpCisPairs...completed: 2213 MTPs found

removeTranslationallyEquivalentMtps
...DONE: 269 translationally distinct MTPs
Finding best TEC

Best TEC: (1.80,1.00) T(P(p(248,27),p(250,27),p(252,28)),V(v(0,0),v(164,3),v(868,0)))
computeVectorTable...completed
computeMtpCisPairs...completed: 1754 MTPs found

removeTranslationallyEquivalentMtps
...DONE: 183 translationally distinct MTPs
Finding best TEC

Best TEC: (1.80,1.00) T(P(p(328,24),p(332,30),p(338,31)),V(v(0,0),v(524,0),v(944,-1)))
computeVectorTable...completed
computeMtpCisPairs...completed: 1335 MTPs found

removeTranslationallyEquivalentMtps
...DONE: 114 translationally distinct MTPs
Finding best TEC

Best TEC: (1.60,0.25) T(P(p(130,24),p(474,24)),V(v(0,0),v(294,5),v(396,4),v(1202,4)))
computeVectorTable...completed
computeMtpCisPairs...completed: 998 MTPs found

removeTranslationallyEquivalentMtps
...DONE: 67 translationally distinct MTPs
Finding best TEC

Best TEC: (1.50,0.50) T(P(p(408,25),p(518,27)),V(v(0,0),v(266,5),v(1020,4)))
computeVectorTable...completed
computeMtpCisPairs...completed: 777 MTPs found

removeTranslationallyEquivalentMtps
...DONE: 38 translationally distinct MTPs
Finding best TEC

Best TEC: (1.50,0.20) T(P(p(452,29),p(1248,29)),V(v(0,0),v(546,1),v(556,-5)))
computeVectorTable...completed
computeMtpCisPairs...completed: 569 MTPs found

removeTranslationallyEquivalentMtps
...DONE: 27 translationally distinct MTPs
Finding best TEC

Best TEC: (1.33,0.67) T(P(p(292,30),p(302,28)),V(v(0,0),v(48,0)))
computeVectorTable...completed
computeMtpCisPairs...completed: 452 MTPs found

removeTranslationallyEquivalentMtps
...DONE: 14 translationally distinct MTPs
Finding best TEC

Best TEC: (1.33,0.33) T(P(p(120,29),p(382,27)),V(v(0,0),v(438,-3)))
computeVectorTable...completed
computeMtpCisPairs...completed: 346 MTPs found

removeTranslationallyEquivalentMtps
...DONE: 6 translationally distinct MTPs
Finding best TEC

Best TEC: (1.33,0.11) T(P(p(420,30),p(650,27)),V(v(0,0),v(360,-3)))
computeVectorTable...completed
computeMtpCisPairs...completed: 250 MTPs found

removeTranslationallyEquivalentMtps
...DONE: 4 translationally distinct MTPs
Finding best TEC

Best TEC: (1.33,0.05) T(P(p(404,27),p(986,27)),V(v(0,0),v(562,1)))
computeVectorTable...completed
computeMtpCisPairs...completed: 171 MTPs found

removeTranslationallyEquivalentMtps
...DONE: 1 translationally distinct MTPs
Finding best TEC

Best TEC: (1.00,0.05) T(P(p(94,31),p(104,28),p(144,30),p(174,24),p(280,24),p(406,26),p(472,24),p(476,30),p(540,27),p(672,28),p(874,28),p(916,28),p(1056,30),p(1174,28),p(1290,27),p(1382,28),p(1444,32),p(1462,28),p(1480,23)),V(v(0,0)))
