computeVectorTable...completed
computeMtpCisPairs...completed: 19760 MTPs found

removeTranslationallyEquivalentMtps
...DONE: 15265 translationally distinct MTPs
Finding best TEC

Best TEC: (5.09,0.78) T(P(p(130,31),p(132,27),p(136,27),p(140,28),p(144,27),p(148,29),p(152,29)),V(v(0,0),v(28,0),v(120,0),v(152,0),v(376,0),v(408,0),v(614,0),v(642,0),v(964,0),v(996,0),v(1092,0),v(1124,0),v(1454,0),v(1486,0),v(1584,0),v(1614,0)))
computeVectorTable...completed
computeMtpCisPairs...completed: 18830 MTPs found

removeTranslationallyEquivalentMtps
...DONE: 13902 translationally distinct MTPs
Finding best TEC

Best TEC: (3.69,0.43) T(P(p(68,31),p(80,30),p(82,31),p(84,32),p(100,31),p(128,31)),V(v(0,0),v(120,0),v(504,0),v(1092,0),v(1218,0),v(1454,0),v(1582,0),v(1782,-2)))
computeVectorTable...completed
computeMtpCisPairs...completed: 18512 MTPs found

removeTranslationallyEquivalentMtps
...DONE: 13235 translationally distinct MTPs
Finding best TEC

Best TEC: (3.30,1.00) T(P(p(15,28),p(19,28),p(47,28),p(51,28)),V(v(0,0),v(5,1),v(365,-1),v(376,0),v(381,1),v(429,3),v(495,-1),v(503,0),v(637,1),v(863,1),v(1021,3),v(1025,3),v(1351,1),v(1513,3),v(1573,-1),v(1581,0),v(1879,3)))
computeVectorTable...completed
computeMtpCisPairs...completed: 17496 MTPs found

removeTranslationallyEquivalentMtps
...DONE: 11801 translationally distinct MTPs
Finding best TEC

Best TEC: (3.20,0.43) T(P(p(592,32),p(596,32),p(636,27),p(644,28),p(648,27),p(650,28),p(660,31),p(664,27),p(672,28),p(676,27),p(678,28),p(680,29)),V(v(0,0),v(226,0),v(714,0),v(830,0)))
computeVectorTable...completed
computeMtpCisPairs...completed: 16777 MTPs found

removeTranslationallyEquivalentMtps
...DONE: 10690 translationally distinct MTPs
Finding best TEC

Best TEC: (2.91,0.22) T(P(p(0,31),p(32,31),p(376,31),p(408,31)),V(v(0,0),v(3,0),v(7,-4),v(12,-3),v(16,-4),v(316,0),v(322,0),v(324,-1)))
computeVectorTable...completed
computeMtpCisPairs...completed: 15484 MTPs found

removeTranslationallyEquivalentMtps
...DONE: 9468 translationally distinct MTPs
Finding best TEC

Best TEC: (2.91,0.29) T(P(p(290,27),p(328,30),p(332,32),p(336,32),p(340,32),p(360,31),p(363,30),p(364,29)),V(v(0,0),v(128,0),v(376,0),v(604,0)))
computeVectorTable...completed
computeMtpCisPairs...completed: 14776 MTPs found

removeTranslationallyEquivalentMtps
...DONE: 8463 translationally distinct MTPs
Finding best TEC

Best TEC: (2.67,1.00) T(P(p(568,29),p(570,30),p(580,30),p(582,29)),V(v(0,0),v(230,0),v(348,0),v(588,0),v(1078,0),v(1266,-1)))
computeVectorTable...completed
computeMtpCisPairs...completed: 14442 MTPs found

removeTranslationallyEquivalentMtps
...DONE: 7961 translationally distinct MTPs
Finding best TEC

Best TEC: (2.46,0.75) T(P(p(194,31),p(226,31),p(230,32)),V(v(0,0),v(129,0),v(576,0),v(608,0),v(732,0),v(970,0),v(972,0),v(1220,-1),v(1288,-2),v(1462,0),v(1706,0)))
computeVectorTable...completed
computeMtpCisPairs...completed: 13698 MTPs found

removeTranslationallyEquivalentMtps
...DONE: 6993 translationally distinct MTPs
Finding best TEC

Best TEC: (2.42,1.00) T(P(p(988,31),p(992,30),p(994,29)),V(v(0,0),v(28,1),v(72,3),v(90,0),v(336,1),v(340,0),v(686,3),v(702,1),v(886,1),v(930,3)))
computeVectorTable...completed
computeMtpCisPairs...completed: 12670 MTPs found

removeTranslationallyEquivalentMtps
...DONE: 6091 translationally distinct MTPs
Finding best TEC

Best TEC: (2.14,0.60) T(P(p(982,31),p(984,31),p(1024,31)),V(v(0,0),v(28,1),v(788,-2),v(820,-2),v(832,-3)))
computeVectorTable...completed
computeMtpCisPairs...completed: 12155 MTPs found

removeTranslationallyEquivalentMtps
...DONE: 5556 translationally distinct MTPs
Finding best TEC

Best TEC: (2.14,0.38) T(P(p(64,29),p(184,29),p(186,30)),V(v(0,0),v(536,0),v(762,3),v(1220,0),v(1232,0)))
computeVectorTable...completed
computeMtpCisPairs...completed: 11691 MTPs found

removeTranslationallyEquivalentMtps
...DONE: 4990 translationally distinct MTPs
Finding best TEC

Best TEC: (2.00,0.60) T(P(p(76,30),p(88,32),p(92,32)),V(v(0,0),v(20,-1),v(958,-1),v(1706,0)))
computeVectorTable...completed
computeMtpCisPairs...completed: 11139 MTPs found

removeTranslationallyEquivalentMtps
...DONE: 4504 translationally distinct MTPs
Finding best TEC

Best TEC: (2.00,0.50) T(P(p(315,30),p(327,29),p(331,31)),V(v(0,0),v(128,0),v(375,0),v(1459,1)))
computeVectorTable...completed
computeMtpCisPairs...completed: 10412 MTPs found

removeTranslationallyEquivalentMtps
...DONE: 3996 translationally distinct MTPs
Finding best TEC

Best TEC: (2.00,0.75) T(P(p(640,29),p(668,29),p(670,29)),V(v(0,0),v(174,1),v(714,-2),v(1072,2)))
computeVectorTable...completed
computeMtpCisPairs...completed: 9875 MTPs found

removeTranslationallyEquivalentMtps
...DONE: 3473 translationally distinct MTPs
Finding best TEC

Best TEC: (2.00,0.30) T(P(p(482,31),p(578,31),p(602,30)),V(v(0,0),v(660,-3),v(1306,0),v(1336,0)))
computeVectorTable...completed
computeMtpCisPairs...completed: 9276 MTPs found

removeTranslationallyEquivalentMtps
...DONE: 3002 translationally distinct MTPs
Finding best TEC

Best TEC: (2.00,0.03) T(P(p(146,28),p(752,27),p(860,29),p(868,27)),V(v(0,0),v(28,0),v(702,2)))
computeVectorTable...completed
computeMtpCisPairs...completed: 8658 MTPs found

removeTranslationallyEquivalentMtps
...DONE: 2542 translationally distinct MTPs
Finding best TEC

Best TEC: (1.89,1.00) T(P(p(4,27),p(36,27)),V(v(0,0),v(4,2),v(7,2),v(71,5),v(263,1),v(448,3),v(500,4),v(572,5),v(692,5),v(804,4),v(916,4),v(992,2),v(1039,4),v(1044,3),v(1088,4),v(1095,0),v(1653,4),v(1769,3)))
computeVectorTable...completed
computeMtpCisPairs...completed: 6155 MTPs found

removeTranslationallyEquivalentMtps
...DONE: 1399 translationally distinct MTPs
Finding best TEC

Best TEC: (1.82,0.50) T(P(p(208,32),p(1180,32)),V(v(0,0),v(4,0),v(8,1),v(10,0),v(28,-3),v(50,-5),v(72,-1),v(232,-3),v(580,-4),v(642,-3)))
computeVectorTable...completed
computeMtpCisPairs...completed: 4868 MTPs found

removeTranslationallyEquivalentMtps
...DONE: 870 translationally distinct MTPs
Finding best TEC

Best TEC: (1.80,0.03) T(P(p(620,29),p(934,31),p(1056,32)),V(v(0,0),v(386,0),v(850,-2)))
computeVectorTable...completed
computeMtpCisPairs...completed: 4347 MTPs found

removeTranslationallyEquivalentMtps
...DONE: 678 translationally distinct MTPs
Finding best TEC

Best TEC: (1.71,0.50) T(P(p(447,31),p(475,32)),V(v(0,0),v(529,-4),v(533,-2),v(539,0),v(987,-1),v(1385,-4)))
computeVectorTable...completed
computeMtpCisPairs...completed: 3551 MTPs found

removeTranslationallyEquivalentMtps
...DONE: 466 translationally distinct MTPs
Finding best TEC

Best TEC: (1.67,1.00) T(P(p(114,30),p(116,29)),V(v(0,0),v(118,2),v(1178,1),v(1322,2),v(1826,-2)))
computeVectorTable...completed
computeMtpCisPairs...completed: 2912 MTPs found

removeTranslationallyEquivalentMtps
...DONE: 322 translationally distinct MTPs
Finding best TEC

Best TEC: (1.60,0.40) T(P(p(78,29),p(196,29)),V(v(0,0),v(32,3),v(1248,2),v(1370,1)))
computeVectorTable...completed
computeMtpCisPairs...completed: 2423 MTPs found

removeTranslationallyEquivalentMtps
...DONE: 226 translationally distinct MTPs
Finding best TEC

Best TEC: (1.50,1.00) T(P(p(612,30),p(615,30)),V(v(0,0),v(4,1),v(1115,-2)))
computeVectorTable...completed
computeMtpCisPairs...completed: 2070 MTPs found

removeTranslationallyEquivalentMtps
...DONE: 175 translationally distinct MTPs
Finding best TEC

Best TEC: (1.50,0.67) T(P(p(1032,27),p(1270,28)),V(v(0,0),v(282,6),v(536,3)))
computeVectorTable...completed
computeMtpCisPairs...completed: 1744 MTPs found

removeTranslationallyEquivalentMtps
...DONE: 131 translationally distinct MTPs
Finding best TEC

Best TEC: (1.50,0.15) T(P(p(816,31),p(866,27)),V(v(0,0),v(134,1),v(964,0)))
computeVectorTable...completed
computeMtpCisPairs...completed: 1449 MTPs found

removeTranslationallyEquivalentMtps
...DONE: 84 translationally distinct MTPs
Finding best TEC

Best TEC: (1.50,0.05) T(P(p(832,30),p(1110,28)),V(v(0,0),v(588,1),v(782,1)))
computeVectorTable...completed
computeMtpCisPairs...completed: 1173 MTPs found

removeTranslationallyEquivalentMtps
...DONE: 51 translationally distinct MTPs
Finding best TEC

Best TEC: (1.33,1.00) T(P(p(67,30),p(98,30)),V(v(0,0),v(1754,0)))
computeVectorTable...completed
computeMtpCisPairs...completed: 1002 MTPs found

removeTranslationallyEquivalentMtps
...DONE: 32 translationally distinct MTPs
Finding best TEC

Best TEC: (1.33,0.67) T(P(p(134,27),p(162,27)),V(v(0,0),v(1215,4)))
computeVectorTable...completed
computeMtpCisPairs...completed: 832 MTPs found

removeTranslationallyEquivalentMtps
...DONE: 30 translationally distinct MTPs
Finding best TEC

Best TEC: (1.33,0.50) T(P(p(1520,32),p(1530,31)),V(v(0,0),v(356,0)))
computeVectorTable...completed
computeMtpCisPairs...completed: 687 MTPs found

removeTranslationallyEquivalentMtps
...DONE: 17 translationally distinct MTPs
Finding best TEC

Best TEC: (1.33,0.40) T(P(p(846,32),p(960,30)),V(v(0,0),v(470,2)))
computeVectorTable...completed
computeMtpCisPairs...completed: 550 MTPs found

removeTranslationallyEquivalentMtps
...DONE: 12 translationally distinct MTPs
Finding best TEC

Best TEC: (1.33,0.11) T(P(p(386,27),p(638,27)),V(v(0,0),v(220,4)))
computeVectorTable...completed
computeMtpCisPairs...completed: 428 MTPs found

removeTranslationallyEquivalentMtps
...DONE: 8 translationally distinct MTPs
Finding best TEC

Best TEC: (1.33,0.05) T(P(p(472,32),p(642,29)),V(v(0,0),v(1198,0)))
computeVectorTable...completed
computeMtpCisPairs...completed: 322 MTPs found

removeTranslationallyEquivalentMtps
...DONE: 4 translationally distinct MTPs
Finding best TEC

Best TEC: (1.33,0.03) T(P(p(62,29),p(760,28)),V(v(0,0),v(1142,2)))
computeVectorTable...completed
computeMtpCisPairs...completed: 230 MTPs found

removeTranslationallyEquivalentMtps
...DONE: 2 translationally distinct MTPs
Finding best TEC

Best TEC: (1.00,1.00) T(P(p(1542,32),p(1546,32)),V(v(0,0),v(4,0)))
computeVectorTable...completed
computeMtpCisPairs...completed: 171 MTPs found

removeTranslationallyEquivalentMtps
...DONE: 1 translationally distinct MTPs
Finding best TEC

Best TEC: (1.00,0.03) T(P(p(156,31),p(198,29),p(312,29),p(344,30),p(347,32),p(487,32),p(735,32),p(830,29),p(978,28),p(1207,30),p(1293,31),p(1356,27),p(1453,30),p(1486,29),p(1498,27),p(1757,28),p(1870,32),p(1890,27),p(1934,33)),V(v(0,0)))
