computeVectorTable...completed
computeMtpCisPairs...completed: 15804 MTPs found

removeTranslationallyEquivalentMtps
...DONE: 10068 translationally distinct MTPs
Finding best TEC

Best TEC: (3.75,0.83) T(P(p(36,27),p(44,31),p(50,32),p(52,31),p(56,28)),V(v(0,0),v(104,0),v(168,0),v(1004,0),v(1068,0),v(1312,0),v(1372,0),v(1444,0),v(1668,0),v(1742,0),v(1802,0),v(1910,0)))
computeVectorTable...completed
computeMtpCisPairs...completed: 14853 MTPs found

removeTranslationallyEquivalentMtps
...DONE: 9054 translationally distinct MTPs
Finding best TEC

Best TEC: (2.67,0.24) T(P(p(424,32),p(452,32),p(456,31),p(672,31)),V(v(0,0),v(20,0),v(284,0),v(348,0),v(888,0),v(1438,-4)))
computeVectorTable...completed
computeMtpCisPairs...completed: 14475 MTPs found

removeTranslationallyEquivalentMtps
...DONE: 8729 translationally distinct MTPs
Finding best TEC

Best TEC: (2.67,0.19) T(P(p(268,29),p(312,28),p(352,32),p(380,27),p(412,30),p(416,31)),V(v(0,0),v(580,0),v(892,0),v(1658,2)))
computeVectorTable...completed
computeMtpCisPairs...completed: 13996 MTPs found

removeTranslationallyEquivalentMtps
...DONE: 8327 translationally distinct MTPs
Finding best TEC

Best TEC: (2.54,0.27) T(P(p(68,28),p(120,31),p(184,31)),V(v(0,0),v(24,-2),v(592,0),v(880,1),v(916,0),v(1504,1),v(1510,1),v(1512,1),v(1830,-2),v(1906,1),v(1910,-1)))
computeVectorTable...completed
computeMtpCisPairs...completed: 13304 MTPs found

removeTranslationallyEquivalentMtps
...DONE: 7612 translationally distinct MTPs
Finding best TEC

Best TEC: (2.50,0.45) T(P(p(4,27),p(8,28),p(12,29),p(72,29),p(76,30)),V(v(0,0),v(248,0),v(828,0),v(1588,2)))
computeVectorTable...completed
computeMtpCisPairs...completed: 12869 MTPs found

removeTranslationallyEquivalentMtps
...DONE: 7229 translationally distinct MTPs
Finding best TEC

Best TEC: (2.50,1.00) T(P(p(88,28),p(96,28),p(108,28)),V(v(0,0),v(192,3),v(300,1),v(880,1),v(1132,2),v(1192,1),v(1428,2),v(1560,3),v(1778,1),v(1932,3)))
computeVectorTable...completed
computeMtpCisPairs...completed: 12399 MTPs found

removeTranslationallyEquivalentMtps
...DONE: 6699 translationally distinct MTPs
Finding best TEC

Best TEC: (2.40,0.33) T(P(p(764,31),p(1008,31),p(1068,31)),V(v(0,0),v(320,0),v(324,1),v(330,1),v(344,-2),v(364,-1),v(368,-2),v(372,-4)))
computeVectorTable...completed
computeMtpCisPairs...completed: 11912 MTPs found

removeTranslationallyEquivalentMtps
...DONE: 6257 translationally distinct MTPs
Finding best TEC

Best TEC: (2.30,1.00) T(P(p(508,31),p(516,32),p(520,31)),V(v(0,0),v(80,0),v(92,0),v(128,0),v(352,0),v(668,0),v(1298,-2),v(1314,-3)))
computeVectorTable...completed
computeMtpCisPairs...completed: 11456 MTPs found

removeTranslationallyEquivalentMtps
...DONE: 5657 translationally distinct MTPs
Finding best TEC

Best TEC: (2.22,0.50) T(P(p(356,31),p(364,30),p(420,32)),V(v(0,0),v(8,-1),v(900,-1),v(1112,-2),v(1188,0),v(1640,0),v(1642,-1)))
computeVectorTable...completed
computeMtpCisPairs...completed: 10951 MTPs found

removeTranslationallyEquivalentMtps
...DONE: 5058 translationally distinct MTPs
Finding best TEC

Best TEC: (2.14,0.43) T(P(p(464,29),p(620,30),p(628,29)),V(v(0,0),v(100,-1),v(316,1),v(984,2),v(1478,2)))
computeVectorTable...completed
computeMtpCisPairs...completed: 10534 MTPs found

removeTranslationallyEquivalentMtps
...DONE: 4552 translationally distinct MTPs
Finding best TEC

Best TEC: (2.00,1.00) T(P(p(124,32),p(128,31),p(132,29)),V(v(0,0),v(104,-2),v(360,-2),v(1604,-2)))
computeVectorTable...completed
computeMtpCisPairs...completed: 10027 MTPs found

removeTranslationallyEquivalentMtps
...DONE: 4113 translationally distinct MTPs
Finding best TEC

Best TEC: (2.00,0.57) T(P(p(316,28),p(330,30),p(344,30),p(348,30)),V(v(0,0),v(580,0),v(1748,1)))
computeVectorTable...completed
computeMtpCisPairs...completed: 9570 MTPs found

removeTranslationallyEquivalentMtps
...DONE: 3664 translationally distinct MTPs
Finding best TEC

Best TEC: (2.00,0.75) T(P(p(540,30),p(544,31),p(554,32)),V(v(0,0),v(612,-3),v(672,-2),v(968,-2)))
computeVectorTable...completed
computeMtpCisPairs...completed: 9149 MTPs found

removeTranslationallyEquivalentMtps
...DONE: 3177 translationally distinct MTPs
Finding best TEC

Best TEC: (2.00,0.27) T(P(p(404,28),p(532,28),p(604,30),p(668,30)),V(v(0,0),v(100,3),v(120,-1)))
computeVectorTable...completed
computeMtpCisPairs...completed: 8573 MTPs found

removeTranslationallyEquivalentMtps
...DONE: 2713 translationally distinct MTPs
Finding best TEC

Best TEC: (1.86,1.00) T(P(p(100,29),p(164,29)),V(v(0,0),v(276,2),v(630,1),v(632,3),v(648,-1),v(656,-2),v(932,3),v(1520,2),v(1536,2),v(1544,0),v(1830,3),v(1922,5),v(1924,4)))
computeVectorTable...completed
computeMtpCisPairs...completed: 6961 MTPs found

removeTranslationallyEquivalentMtps
...DONE: 1775 translationally distinct MTPs
Finding best TEC

Best TEC: (1.80,0.33) T(P(p(172,31),p(196,32),p(248,31)),V(v(0,0),v(1630,-3),v(1742,0)))
computeVectorTable...completed
computeMtpCisPairs...completed: 6396 MTPs found

removeTranslationallyEquivalentMtps
...DONE: 1515 translationally distinct MTPs
Finding best TEC

Best TEC: (1.75,1.00) T(P(p(168,30),p(200,31)),V(v(0,0),v(194,-2),v(380,2),v(1068,0),v(1584,-2),v(1736,-2),v(1868,0)))
computeVectorTable...completed
computeMtpCisPairs...completed: 5541 MTPs found

removeTranslationallyEquivalentMtps
...DONE: 1090 translationally distinct MTPs
Finding best TEC

Best TEC: (1.75,0.22) T(P(p(1024,32),p(1316,32)),V(v(0,0),v(144,-3),v(272,-4),v(730,-3),v(736,-4),v(738,-5),v(786,-1)))
computeVectorTable...completed
computeMtpCisPairs...completed: 4677 MTPs found

removeTranslationallyEquivalentMtps
...DONE: 740 translationally distinct MTPs
Finding best TEC

Best TEC: (1.71,0.29) T(P(p(480,28),p(792,28)),V(v(0,0),v(88,3),v(462,2),v(484,0),v(494,1),v(1266,1)))
computeVectorTable...completed
computeMtpCisPairs...completed: 3928 MTPs found

removeTranslationallyEquivalentMtps
...DONE: 481 translationally distinct MTPs
Finding best TEC

Best TEC: (1.67,1.00) T(P(p(0,24),p(32,24)),V(v(0,0),v(1148,3),v(1744,3),v(2013,5),v(2018,4)))
computeVectorTable...completed
computeMtpCisPairs...completed: 3194 MTPs found

removeTranslationallyEquivalentMtps
...DONE: 369 translationally distinct MTPs
Finding best TEC

Best TEC: (1.60,0.33) T(P(p(18,29),p(266,29)),V(v(0,0),v(66,1),v(118,-1),v(518,0)))
computeVectorTable...completed
computeMtpCisPairs...completed: 2710 MTPs found

removeTranslationallyEquivalentMtps
...DONE: 267 translationally distinct MTPs
Finding best TEC

Best TEC: (1.60,0.11) T(P(p(864,27),p(1208,28)),V(v(0,0),v(332,4),v(620,2),v(704,4)))
computeVectorTable...completed
computeMtpCisPairs...completed: 2253 MTPs found

removeTranslationallyEquivalentMtps
...DONE: 180 translationally distinct MTPs
Finding best TEC

Best TEC: (1.50,1.00) T(P(p(106,28),p(112,27)),V(v(0,0),v(82,5),v(1444,2)))
computeVectorTable...completed
computeMtpCisPairs...completed: 1917 MTPs found

removeTranslationallyEquivalentMtps
...DONE: 134 translationally distinct MTPs
Finding best TEC

Best TEC: (1.50,1.00) T(P(p(1044,29),p(1072,29)),V(v(0,0),v(434,-1),v(1029,3)))
computeVectorTable...completed
computeMtpCisPairs...completed: 1597 MTPs found

removeTranslationallyEquivalentMtps
...DONE: 98 translationally distinct MTPs
Finding best TEC

Best TEC: (1.50,0.25) T(P(p(556,31),p(664,29)),V(v(0,0),v(20,3),v(1008,0)))
computeVectorTable...completed
computeMtpCisPairs...completed: 1312 MTPs found

removeTranslationallyEquivalentMtps
...DONE: 62 translationally distinct MTPs
Finding best TEC

Best TEC: (1.50,0.08) T(P(p(284,27),p(1640,27)),V(v(0,0),v(14,5),v(230,4)))
computeVectorTable...completed
computeMtpCisPairs...completed: 1043 MTPs found

removeTranslationallyEquivalentMtps
...DONE: 39 translationally distinct MTPs
Finding best TEC

Best TEC: (1.33,1.00) T(P(p(1400,32),p(1404,31)),V(v(0,0),v(704,-3)))
computeVectorTable...completed
computeMtpCisPairs...completed: 879 MTPs found

removeTranslationallyEquivalentMtps
...DONE: 25 translationally distinct MTPs
Finding best TEC

Best TEC: (1.33,0.67) T(P(p(40,29),p(64,28)),V(v(0,0),v(636,3)))
computeVectorTable...completed
computeMtpCisPairs...completed: 726 MTPs found

removeTranslationallyEquivalentMtps
...DONE: 16 translationally distinct MTPs
Finding best TEC

Best TEC: (1.33,0.29) T(P(p(20,29),p(82,31)),V(v(0,0),v(1824,0)))
computeVectorTable...completed
computeMtpCisPairs...completed: 584 MTPs found

removeTranslationallyEquivalentMtps
...DONE: 12 translationally distinct MTPs
Finding best TEC

Best TEC: (1.33,0.13) T(P(p(584,32),p(1004,32)),V(v(0,0),v(244,-1)))
computeVectorTable...completed
computeMtpCisPairs...completed: 459 MTPs found

removeTranslationallyEquivalentMtps
...DONE: 7 translationally distinct MTPs
Finding best TEC

Best TEC: (1.33,0.12) T(P(p(450,32),p(618,30)),V(v(0,0),v(266,-2)))
computeVectorTable...completed
computeMtpCisPairs...completed: 347 MTPs found

removeTranslationallyEquivalentMtps
...DONE: 5 translationally distinct MTPs
Finding best TEC

Best TEC: (1.33,0.10) T(P(p(642,31),p(1194,31)),V(v(0,0),v(862,-3)))
computeVectorTable...completed
computeMtpCisPairs...completed: 253 MTPs found

removeTranslationallyEquivalentMtps
...DONE: 1 translationally distinct MTPs
Finding best TEC

Best TEC: (1.00,0.05) T(P(p(123,31),p(292,31),p(308,28),p(460,27),p(468,31),p(572,31),p(846,28),p(878,31),p(912,30),p(1030,32),p(1179,31),p(1211,28),p(1452,31),p(1456,31),p(1466,29),p(1774,24),p(1882,27),p(1993,31),p(2009,31),p(2042,34),p(2066,27),p(2076,34),p(2084,31)),V(v(0,0)))
