computeVectorTable...completed
computeMtpCisPairs...completed: 40219 MTPs found

removeTranslationallyEquivalentMtps
...DONE: 29773 translationally distinct MTPs
Finding best TEC

Best TEC: (4.17,0.53) T(P(p(844,28),p(846,29),p(848,30),p(852,28),p(856,27),p(872,31),p(887,30),p(888,29),p(896,31),p(904,27),p(908,29),p(910,31),p(912,34),p(916,33),p(928,32),p(932,31),p(942,30),p(944,29),p(948,27),p(951,27)),V(v(0,0),v(608,0),v(892,0),v(1052,0),v(1492,0)))
computeVectorTable...completed
computeMtpCisPairs...completed: 39037 MTPs found

removeTranslationallyEquivalentMtps
...DONE: 27767 translationally distinct MTPs
Finding best TEC

Best TEC: (3.40,0.32) T(P(p(0,27),p(20,31),p(32,31),p(40,30),p(56,31),p(72,34),p(86,33),p(88,32),p(92,31),p(100,31),p(104,29),p(111,29),p(136,29),p(143,29),p(144,28),p(150,28),p(152,27)),V(v(0,0),v(680,0),v(968,-3),v(2172,0)))
computeVectorTable...completed
computeMtpCisPairs...completed: 37297 MTPs found

removeTranslationallyEquivalentMtps
...DONE: 25401 translationally distinct MTPs
Finding best TEC

Best TEC: (3.00,0.55) T(P(p(22,31),p(24,28),p(38,31),p(50,28),p(52,29),p(54,30)),V(v(0,0),v(360,0),v(840,0),v(1608,0),v(1732,0)))
computeVectorTable...completed
computeMtpCisPairs...completed: 36974 MTPs found

removeTranslationallyEquivalentMtps
...DONE: 24919 translationally distinct MTPs
Finding best TEC

Best TEC: (3.14,0.22) T(P(p(360,27),p(476,32),p(478,32),p(480,31),p(488,31),p(494,30),p(496,29),p(500,27),p(503,27),p(504,28),p(512,27)),V(v(0,0),v(1088,0),v(1372,0),v(1972,0)))
computeVectorTable...completed
computeMtpCisPairs...completed: 36124 MTPs found

removeTranslationallyEquivalentMtps
...DONE: 23617 translationally distinct MTPs
Finding best TEC

Best TEC: (2.91,1.00) T(P(p(4,28),p(6,29),p(8,30),p(12,28)),V(v(0,0),v(260,1),v(336,-3),v(360,0),v(1608,0),v(2020,-4),v(2096,0),v(2872,4)))
computeVectorTable...completed
computeMtpCisPairs...completed: 35333 MTPs found

removeTranslationallyEquivalentMtps
...DONE: 22680 translationally distinct MTPs
Finding best TEC

Best TEC: (2.70,1.00) T(P(p(116,32),p(118,32),p(120,31)),V(v(0,0),v(116,-3),v(330,0),v(344,-2),v(454,0),v(532,-1),v(610,-2),v(1602,0),v(1796,-3),v(1956,-4),v(2020,-4),v(2172,0),v(2236,-3),v(2696,-3),v(2738,0),v(2778,-1),v(2792,0),v(2804,-1)))
computeVectorTable...completed
computeMtpCisPairs...completed: 34200 MTPs found

removeTranslationallyEquivalentMtps
...DONE: 21303 translationally distinct MTPs
Finding best TEC

Best TEC: (2.54,0.75) T(P(p(212,29),p(220,27),p(228,26)),V(v(0,0),v(378,5),v(410,3),v(792,0),v(932,1),v(1488,2),v(1716,3),v(1904,-2),v(1932,-2),v(2296,1),v(2320,2)))
computeVectorTable...completed
computeMtpCisPairs...completed: 33455 MTPs found

removeTranslationallyEquivalentMtps
...DONE: 20334 translationally distinct MTPs
Finding best TEC

Best TEC: (2.45,0.75) T(P(p(256,31),p(260,30),p(276,28)),V(v(0,0),v(28,-3),v(56,-2),v(176,3),v(344,2),v(1556,2),v(1836,-1),v(1992,3),v(2626,1)))
computeVectorTable...completed
computeMtpCisPairs...completed: 32575 MTPs found

removeTranslationallyEquivalentMtps
...DONE: 19364 translationally distinct MTPs
Finding best TEC

Best TEC: (2.45,0.60) T(P(p(440,32),p(456,31),p(472,30)),V(v(0,0),v(276,-1),v(320,0),v(520,-5),v(752,-1),v(960,-3),v(2116,-1),v(2204,1),v(2324,-3)))
computeVectorTable...completed
computeMtpCisPairs...completed: 31932 MTPs found

removeTranslationallyEquivalentMtps
...DONE: 18608 translationally distinct MTPs
Finding best TEC

Best TEC: (2.40,0.60) T(P(p(306,28),p(308,29),p(328,27)),V(v(0,0),v(258,0),v(380,1),v(666,-4),v(730,1),v(1384,2),v(1872,1),v(2256,3)))
computeVectorTable...completed
computeMtpCisPairs...completed: 31301 MTPs found

removeTranslationallyEquivalentMtps
...DONE: 17824 translationally distinct MTPs
Finding best TEC

Best TEC: (2.33,1.00) T(P(p(400,30),p(402,32),p(404,31)),V(v(0,0),v(396,0),v(520,3),v(554,-2),v(1606,0),v(1638,-5),v(2424,-1)))
computeVectorTable...completed
computeMtpCisPairs...completed: 30502 MTPs found

removeTranslationallyEquivalentMtps
...DONE: 17007 translationally distinct MTPs
Finding best TEC

Best TEC: (2.50,0.80) T(P(p(184,24),p(196,27),p(198,26),p(200,25)),V(v(0,0),v(358,5),v(1288,5),v(1860,1),v(2646,5)))
computeVectorTable...completed
computeMtpCisPairs...completed: 29676 MTPs found

removeTranslationallyEquivalentMtps
...DONE: 16166 translationally distinct MTPs
Finding best TEC

Best TEC: (2.25,1.00) T(P(p(624,31),p(634,32),p(636,31)),V(v(0,0),v(30,-2),v(452,-5),v(1532,-8),v(1968,0),v(2096,0)))
computeVectorTable...completed
computeMtpCisPairs...completed: 28686 MTPs found

removeTranslationallyEquivalentMtps
...DONE: 15363 translationally distinct MTPs
Finding best TEC

Best TEC: (2.25,1.00) T(P(p(208,28),p(248,28),p(252,28)),V(v(0,0),v(72,0),v(380,3),v(1060,3),v(1176,3),v(2570,-1)))
computeVectorTable...completed
computeMtpCisPairs...completed: 28037 MTPs found

removeTranslationallyEquivalentMtps
...DONE: 14593 translationally distinct MTPs
Finding best TEC

Best TEC: (2.14,1.00) T(P(p(812,31),p(814,30),p(820,29)),V(v(0,0),v(288,-3),v(1396,1),v(1558,1),v(1838,2)))
computeVectorTable...completed
computeMtpCisPairs...completed: 27502 MTPs found

removeTranslationallyEquivalentMtps
...DONE: 13995 translationally distinct MTPs
Finding best TEC

Best TEC: (2.14,0.38) T(P(p(48,29),p(146,29),p(148,30)),V(v(0,0),v(360,0),v(376,-2),v(734,1),v(2784,-1)))
computeVectorTable...completed
computeMtpCisPairs...completed: 26905 MTPs found

removeTranslationallyEquivalentMtps
...DONE: 13302 translationally distinct MTPs
Finding best TEC

Best TEC: (2.14,0.38) T(P(p(16,27),p(168,26),p(176,26)),V(v(0,0),v(124,0),v(494,1),v(682,3),v(2580,5)))
computeVectorTable...completed
computeMtpCisPairs...completed: 26149 MTPs found

removeTranslationallyEquivalentMtps
...DONE: 12507 translationally distinct MTPs
Finding best TEC

Best TEC: (2.14,0.13) T(P(p(530,29),p(1168,29),p(1232,29)),V(v(0,0),v(164,1),v(188,1),v(1452,2),v(1540,-2)))
computeVectorTable...completed
computeMtpCisPairs...completed: 25570 MTPs found

removeTranslationallyEquivalentMtps
...DONE: 11859 translationally distinct MTPs
Finding best TEC

Best TEC: (2.00,0.43) T(P(p(668,28),p(702,30),p(704,29)),V(v(0,0),v(412,-3),v(892,0),v(1776,0)))
computeVectorTable...completed
computeMtpCisPairs...completed: 25137 MTPs found

removeTranslationallyEquivalentMtps
...DONE: 11275 translationally distinct MTPs
Finding best TEC

Best TEC: (2.00,0.30) T(P(p(876,32),p(1304,32),p(1360,32)),V(v(0,0),v(324,0),v(760,-5),v(1364,0)))
computeVectorTable...completed
computeMtpCisPairs...completed: 24516 MTPs found

removeTranslationallyEquivalentMtps
...DONE: 10673 translationally distinct MTPs
Finding best TEC

Best TEC: (2.00,0.17) T(P(p(386,26),p(610,29),p(826,29)),V(v(0,0),v(754,3),v(798,-2),v(1802,3)))
computeVectorTable...completed
computeMtpCisPairs...completed: 23890 MTPs found

removeTranslationallyEquivalentMtps
...DONE: 10080 translationally distinct MTPs
Finding best TEC

Best TEC: (2.00,0.10) T(P(p(788,29),p(1052,29),p(1336,29)),V(v(0,0),v(416,2),v(556,-2),v(1516,2)))
computeVectorTable...completed
computeMtpCisPairs...completed: 23372 MTPs found

removeTranslationallyEquivalentMtps
...DONE: 9486 translationally distinct MTPs
Finding best TEC

Best TEC: (2.00,0.09) T(P(p(36,32),p(76,33),p(756,33)),V(v(0,0),v(8,-1),v(792,-2),v(1628,-1)))
computeVectorTable...completed
computeMtpCisPairs...completed: 22470 MTPs found

removeTranslationallyEquivalentMtps
...DONE: 8864 translationally distinct MTPs
Finding best TEC

Best TEC: (2.00,0.09) T(P(p(18,29),p(42,30),p(428,29)),V(v(0,0),v(642,-2),v(1246,2),v(1278,1)))
computeVectorTable...completed
computeMtpCisPairs...completed: 21760 MTPs found

removeTranslationallyEquivalentMtps
...DONE: 8197 translationally distinct MTPs
Finding best TEC

Best TEC: (2.00,0.12) T(P(p(696,29),p(1048,29),p(1082,29),p(1084,28)),V(v(0,0),v(798,1),v(1236,1)))
computeVectorTable...completed
computeMtpCisPairs...completed: 21207 MTPs found

removeTranslationallyEquivalentMtps
...DONE: 7513 translationally distinct MTPs
Finding best TEC

Best TEC: (1.85,1.00) T(P(p(108,27),p(112,28)),V(v(0,0),v(52,-3),v(284,4),v(828,4),v(1532,4),v(1540,3),v(1880,4),v(2114,4),v(2274,4),v(2392,1),v(2524,6),v(2676,2)))
computeVectorTable...completed
computeMtpCisPairs...completed: 19290 MTPs found

removeTranslationallyEquivalentMtps
...DONE: 6075 translationally distinct MTPs
Finding best TEC

Best TEC: (1.82,0.67) T(P(p(474,31),p(538,31)),V(v(0,0),v(478,-5),v(558,-3),v(762,1),v(854,1),v(876,-4),v(1546,-8),v(1762,0),v(1894,0),v(2222,-1)))
computeVectorTable...completed
computeMtpCisPairs...completed: 17599 MTPs found

removeTranslationallyEquivalentMtps
...DONE: 4961 translationally distinct MTPs
Finding best TEC

Best TEC: (1.80,0.27) T(P(p(376,27),p(984,24),p(1006,28)),V(v(0,0),v(12,-3),v(1866,6)))
computeVectorTable...completed
computeMtpCisPairs...completed: 16538 MTPs found

removeTranslationallyEquivalentMtps
...DONE: 4594 translationally distinct MTPs
Finding best TEC

Best TEC: (1.80,0.14) T(P(p(1128,27),p(1148,29),p(1262,31)),V(v(0,0),v(716,1),v(1364,0)))
computeVectorTable...completed
computeMtpCisPairs...completed: 15805 MTPs found

removeTranslationallyEquivalentMtps
...DONE: 4091 translationally distinct MTPs
Finding best TEC

Best TEC: (1.80,0.07) T(P(p(986,26),p(990,26),p(2158,23)),V(v(0,0),v(542,6),v(690,7)))
computeVectorTable...completed
computeMtpCisPairs...completed: 14896 MTPs found

removeTranslationallyEquivalentMtps
...DONE: 3704 translationally distinct MTPs
Finding best TEC

Best TEC: (1.80,0.05) T(P(p(128,34),p(734,32),p(1534,33)),V(v(0,0),v(1334,-6),v(1372,-3)))
computeVectorTable...completed
computeMtpCisPairs...completed: 14024 MTPs found

removeTranslationallyEquivalentMtps
...DONE: 3287 translationally distinct MTPs
Finding best TEC

Best TEC: (1.80,0.02) T(P(p(80,32),p(546,29),p(794,29)),V(v(0,0),v(682,-1),v(1734,0)))
computeVectorTable...completed
computeMtpCisPairs...completed: 13231 MTPs found

removeTranslationallyEquivalentMtps
...DONE: 2892 translationally distinct MTPs
Finding best TEC

Best TEC: (1.75,1.00) T(P(p(64,27),p(68,29)),V(v(0,0),v(682,0),v(1434,3),v(1604,0),v(1878,1),v(2350,4),v(2806,4)))
computeVectorTable...completed
computeMtpCisPairs...completed: 11874 MTPs found

removeTranslationallyEquivalentMtps
...DONE: 2296 translationally distinct MTPs
Finding best TEC

Best TEC: (1.71,0.67) T(P(p(96,32),p(132,32)),V(v(0,0),v(284,-1),v(1040,-4),v(1466,-4),v(2332,-1),v(2804,-3)))
computeVectorTable...completed
computeMtpCisPairs...completed: 10711 MTPs found

removeTranslationallyEquivalentMtps
...DONE: 1845 translationally distinct MTPs
Finding best TEC

Best TEC: (1.67,1.00) T(P(p(443,32),p(444,32)),V(v(0,0),v(124,-3),v(141,-5),v(2460,-3),v(2485,-5)))
computeVectorTable...completed
computeMtpCisPairs...completed: 9653 MTPs found

removeTranslationallyEquivalentMtps
...DONE: 1550 translationally distinct MTPs
Finding best TEC

Best TEC: (1.67,1.00) T(P(p(216,28),p(224,27)),V(v(0,0),v(310,1),v(1056,6),v(1552,3),v(1788,0)))
computeVectorTable...completed
computeMtpCisPairs...completed: 8681 MTPs found

removeTranslationallyEquivalentMtps
...DONE: 1256 translationally distinct MTPs
Finding best TEC

Best TEC: (1.60,0.67) T(P(p(379,29),p(471,29)),V(v(0,0),v(1657,-6),v(1841,0),v(2067,1)))
computeVectorTable...completed
computeMtpCisPairs...completed: 7842 MTPs found

removeTranslationallyEquivalentMtps
...DONE: 1072 translationally distinct MTPs
Finding best TEC

Best TEC: (1.60,0.50) T(P(p(192,28),p(230,28)),V(v(0,0),v(104,-2),v(1426,1),v(1860,-1)))
computeVectorTable...completed
computeMtpCisPairs...completed: 7107 MTPs found

removeTranslationallyEquivalentMtps
...DONE: 857 translationally distinct MTPs
Finding best TEC

Best TEC: (1.60,0.33) T(P(p(15,28),p(47,30)),V(v(0,0),v(1640,2),v(2115,-5),v(2209,4)))
computeVectorTable...completed
computeMtpCisPairs...completed: 6338 MTPs found

removeTranslationallyEquivalentMtps
...DONE: 708 translationally distinct MTPs
Finding best TEC

Best TEC: (1.60,0.13) T(P(p(907,27),p(1515,27)),V(v(0,0),v(23,4),v(257,3),v(1279,1)))
computeVectorTable...completed
computeMtpCisPairs...completed: 5641 MTPs found

removeTranslationallyEquivalentMtps
...DONE: 554 translationally distinct MTPs
Finding best TEC

Best TEC: (1.50,1.00) T(P(p(182,25),p(190,26)),V(v(0,0),v(1506,5),v(2744,4)))
computeVectorTable...completed
computeMtpCisPairs...completed: 5098 MTPs found

removeTranslationallyEquivalentMtps
...DONE: 473 translationally distinct MTPs
Finding best TEC

Best TEC: (1.50,0.67) T(P(p(855,28),p(884,31)),V(v(0,0),v(944,-1),v(1965,-1)))
computeVectorTable...completed
computeMtpCisPairs...completed: 4600 MTPs found

removeTranslationallyEquivalentMtps
...DONE: 384 translationally distinct MTPs
Finding best TEC

Best TEC: (1.50,0.29) T(P(p(83,32),p(103,30)),V(v(0,0),v(843,1),v(961,-2)))
computeVectorTable...completed
computeMtpCisPairs...completed: 4099 MTPs found

removeTranslationallyEquivalentMtps
...DONE: 309 translationally distinct MTPs
Finding best TEC

Best TEC: (1.50,0.25) T(P(p(427,27),p(587,27)),V(v(0,0),v(1333,1),v(1532,1)))
computeVectorTable...completed
computeMtpCisPairs...completed: 3644 MTPs found

removeTranslationallyEquivalentMtps
...DONE: 238 translationally distinct MTPs
Finding best TEC

Best TEC: (1.50,0.18) T(P(p(70,31),p(808,31)),V(v(0,0),v(1388,-2),v(1608,2)))
computeVectorTable...completed
computeMtpCisPairs...completed: 3211 MTPs found

removeTranslationallyEquivalentMtps
...DONE: 178 translationally distinct MTPs
Finding best TEC

Best TEC: (1.50,0.13) T(P(p(980,25),p(1176,27)),V(v(0,0),v(646,4),v(1184,1)))
computeVectorTable...completed
computeMtpCisPairs...completed: 2789 MTPs found

removeTranslationallyEquivalentMtps
...DONE: 129 translationally distinct MTPs
Finding best TEC

Best TEC: (1.50,0.10) T(P(p(430,31),p(1976,32)),V(v(0,0),v(90,-7),v(792,-1)))
computeVectorTable...completed
computeMtpCisPairs...completed: 2392 MTPs found

removeTranslationallyEquivalentMtps
...DONE: 88 translationally distinct MTPs
Finding best TEC

Best TEC: (1.50,0.05) T(P(p(240,24),p(744,27)),V(v(0,0),v(96,2),v(1510,5)))
computeVectorTable...completed
computeMtpCisPairs...completed: 2009 MTPs found

removeTranslationallyEquivalentMtps
...DONE: 69 translationally distinct MTPs
Finding best TEC

Best TEC: (1.50,0.03) T(P(p(172,27),p(468,29),p(845,28)),V(v(0,0),v(1462,2)))
computeVectorTable...completed
computeMtpCisPairs...completed: 1671 MTPs found

removeTranslationallyEquivalentMtps
...DONE: 41 translationally distinct MTPs
Finding best TEC

Best TEC: (1.33,1.00) T(P(p(1971,33),p(1972,32)),V(v(0,0),v(176,-5)))
computeVectorTable...completed
computeMtpCisPairs...completed: 1461 MTPs found

removeTranslationallyEquivalentMtps
...DONE: 25 translationally distinct MTPs
Finding best TEC

Best TEC: (1.33,1.00) T(P(p(616,28),p(618,29)),V(v(0,0),v(2098,1)))
computeVectorTable...completed
computeMtpCisPairs...completed: 1261 MTPs found

removeTranslationallyEquivalentMtps
...DONE: 15 translationally distinct MTPs
Finding best TEC

Best TEC: (1.33,0.33) T(P(p(2134,26),p(2351,27)),V(v(0,0),v(530,7)))
computeVectorTable...completed
computeMtpCisPairs...completed: 1071 MTPs found

removeTranslationallyEquivalentMtps
...DONE: 11 translationally distinct MTPs
Finding best TEC

Best TEC: (1.33,0.11) T(P(p(667,29),p(1051,28)),V(v(0,0),v(1815,-1)))
computeVectorTable...completed
computeMtpCisPairs...completed: 895 MTPs found

removeTranslationallyEquivalentMtps
...DONE: 9 translationally distinct MTPs
Finding best TEC

Best TEC: (1.33,0.06) T(P(p(135,30),p(552,31)),V(v(0,0),v(2140,0)))
computeVectorTable...completed
computeMtpCisPairs...completed: 737 MTPs found

removeTranslationallyEquivalentMtps
...DONE: 5 translationally distinct MTPs
Finding best TEC

Best TEC: (1.33,0.04) T(P(p(407,30),p(866,32)),V(v(0,0),v(849,-3)))
computeVectorTable...completed
computeMtpCisPairs...completed: 593 MTPs found

removeTranslationallyEquivalentMtps
...DONE: 3 translationally distinct MTPs
Finding best TEC

Best TEC: (1.33,0.02) T(P(p(28,28),p(957,30)),V(v(0,0),v(1883,1)))
computeVectorTable...completed
computeMtpCisPairs...completed: 465 MTPs found

removeTranslationallyEquivalentMtps
...DONE: 1 translationally distinct MTPs
Finding best TEC

Best TEC: (1.00,0.03) T(P(p(90,32),p(114,28),p(246,26),p(270,30),p(352,24),p(492,32),p(562,28),p(602,34),p(635,32),p(656,27),p(860,31),p(911,31),p(1022,29),p(1216,30),p(1240,31),p(1352,28),p(1368,31),p(1531,32),p(1544,31),p(1671,27),p(1724,27),p(1742,29),p(1878,29),p(2048,24),p(2088,25),p(2123,26),p(2151,26),p(2176,28),p(2239,31),p(2286,31),p(2938,27)),V(v(0,0)))
