computeVectorTable...completed
computeMtpCisPairs...completed: 26944 MTPs found

removeTranslationallyEquivalentMtps
...DONE: 16563 translationally distinct MTPs
Finding best TEC

Best TEC: (2.80,1.00) T(P(p(450,29),p(456,28),p(462,27),p(474,27)),V(v(0,0),v(120,4),v(3300,4),v(3336,5),v(3438,0),v(3552,4),v(4929,5)))
computeVectorTable...completed
computeMtpCisPairs...completed: 26148 MTPs found

removeTranslationallyEquivalentMtps
...DONE: 15787 translationally distinct MTPs
Finding best TEC

Best TEC: (3.00,1.00) T(P(p(294,30),p(306,29),p(312,28),p(318,27)),V(v(0,0),v(414,0),v(690,0),v(726,0),v(894,1),v(1314,1),v(3018,4),v(4863,0),v(5217,1)))
computeVectorTable...completed
computeMtpCisPairs...completed: 25274 MTPs found

removeTranslationallyEquivalentMtps
...DONE: 14520 translationally distinct MTPs
Finding best TEC

Best TEC: (2.68,1.00) T(P(p(1260,28),p(1308,28),p(1320,27)),V(v(0,0),v(396,1),v(744,4),v(840,1),v(996,4),v(1092,1),v(1476,4),v(1572,1),v(1752,4),v(1848,1),v(2346,1),v(3222,4),v(3318,1),v(3492,4),v(3588,1),v(3744,2),v(3870,-1)))
computeVectorTable...completed
computeMtpCisPairs...completed: 24285 MTPs found

removeTranslationallyEquivalentMtps
...DONE: 13355 translationally distinct MTPs
Finding best TEC

Best TEC: (2.60,0.43) T(P(p(150,31),p(288,31),p(822,31)),V(v(0,0),v(234,0),v(3210,3),v(3216,3),v(3234,1),v(3240,1),v(3258,-1),v(3264,0),v(3270,1),v(3276,0),v(3306,0),v(3324,-3),v(3330,-4)))
computeVectorTable...completed
computeMtpCisPairs...completed: 23296 MTPs found

removeTranslationallyEquivalentMtps
...DONE: 12271 translationally distinct MTPs
Finding best TEC

Best TEC: (2.50,1.00) T(P(p(66,32),p(126,32),p(234,32)),V(v(0,0),v(114,-1),v(744,-1),v(1446,-1),v(1782,0),v(2058,-1),v(2490,0),v(4242,0),v(4794,-5),v(5349,-1)))
computeVectorTable...completed
computeMtpCisPairs...completed: 22466 MTPs found

removeTranslationallyEquivalentMtps
...DONE: 11220 translationally distinct MTPs
Finding best TEC

Best TEC: (2.33,1.00) T(P(p(420,31),p(672,31),p(1152,31)),V(v(0,0),v(1602,1),v(1608,-1),v(1668,0),v(1692,-4),v(1752,-4),v(3282,0)))
computeVectorTable...completed
computeMtpCisPairs...completed: 21906 MTPs found

removeTranslationallyEquivalentMtps
...DONE: 10524 translationally distinct MTPs
Finding best TEC

Best TEC: (2.33,1.00) T(P(p(96,31),p(102,32),p(108,33)),V(v(0,0),v(6,1),v(444,0),v(450,1),v(558,-1),v(672,-4),v(732,1),v(834,-1),v(1680,-4),v(1710,-3),v(1716,-2),v(2340,-4),v(3138,-4),v(3198,0),v(3720,-1),v(3840,-3)))
computeVectorTable...completed
computeMtpCisPairs...completed: 20387 MTPs found

removeTranslationallyEquivalentMtps
...DONE: 8865 translationally distinct MTPs
Finding best TEC

Best TEC: (2.25,0.67) T(P(p(4968,25),p(4971,26),p(4974,27),p(4998,27)),V(v(0,0),v(24,0),v(48,0),v(111,5),v(168,2)))
computeVectorTable...completed
computeMtpCisPairs...completed: 18919 MTPs found

removeTranslationallyEquivalentMtps
...DONE: 7867 translationally distinct MTPs
Finding best TEC

Best TEC: (2.14,1.00) T(P(p(246,30),p(258,28),p(270,29)),V(v(0,0),v(144,0),v(2778,2),v(4248,2),v(4518,2)))
computeVectorTable...completed
computeMtpCisPairs...completed: 18227 MTPs found

removeTranslationallyEquivalentMtps
...DONE: 7181 translationally distinct MTPs
Finding best TEC

Best TEC: (2.14,0.60) T(P(p(396,29),p(504,27),p(516,30)),V(v(0,0),v(1980,2),v(2172,4),v(3924,4),v(5091,0)))
computeVectorTable...completed
computeMtpCisPairs...completed: 17329 MTPs found

removeTranslationallyEquivalentMtps
...DONE: 6475 translationally distinct MTPs
Finding best TEC

Best TEC: (2.14,0.11) T(P(p(120,33),p(1860,35),p(1884,33)),V(v(0,0),v(12,-1),v(84,-2),v(1632,-4),v(2352,-6)))
computeVectorTable...completed
computeMtpCisPairs...completed: 16507 MTPs found

removeTranslationallyEquivalentMtps
...DONE: 5790 translationally distinct MTPs
Finding best TEC

Best TEC: (2.14,0.12) T(P(p(378,32),p(636,32),p(924,32),p(1158,34),p(1548,33)),V(v(0,0),v(3198,-1),v(3540,-3)))
computeVectorTable...completed
computeMtpCisPairs...completed: 15721 MTPs found

removeTranslationallyEquivalentMtps
...DONE: 5067 translationally distinct MTPs
Finding best TEC

Best TEC: (2.14,0.16) T(P(p(852,33),p(900,34),p(2604,33)),V(v(0,0),v(384,-4),v(528,-2),v(1368,-2),v(2100,-2)))
computeVectorTable...completed
computeMtpCisPairs...completed: 14879 MTPs found

removeTranslationallyEquivalentMtps
...DONE: 4440 translationally distinct MTPs
Finding best TEC

Best TEC: (2.00,0.17) T(P(p(186,34),p(192,33),p(366,29)),V(v(0,0),v(144,0),v(906,-2),v(3084,-2)))
computeVectorTable...completed
computeMtpCisPairs...completed: 14072 MTPs found

removeTranslationallyEquivalentMtps
...DONE: 3880 translationally distinct MTPs
Finding best TEC

Best TEC: (2.00,0.15) T(P(p(438,30),p(648,32),p(912,32)),V(v(0,0),v(258,-1),v(3198,-3),v(4659,-1)))
computeVectorTable...completed
computeMtpCisPairs...completed: 13252 MTPs found

removeTranslationallyEquivalentMtps
...DONE: 3356 translationally distinct MTPs
Finding best TEC

Best TEC: (2.00,0.12) T(P(p(1248,27),p(1338,27),p(1602,32)),V(v(0,0),v(2130,2),v(3795,-1),v(3897,0)))
computeVectorTable...completed
computeMtpCisPairs...completed: 12124 MTPs found

removeTranslationallyEquivalentMtps
...DONE: 2884 translationally distinct MTPs
Finding best TEC

Best TEC: (1.83,1.00) T(P(p(18,28),p(42,27)),V(v(0,0),v(846,4),v(1044,4),v(1446,5),v(1542,4),v(1650,3),v(2730,4),v(4032,3),v(4122,0),v(5085,1),v(5181,1)))
computeVectorTable...completed
computeMtpCisPairs...completed: 10439 MTPs found

removeTranslationallyEquivalentMtps
...DONE: 2059 translationally distinct MTPs
Finding best TEC

Best TEC: (1.80,0.50) T(P(p(1068,31),p(1416,31),p(2544,31)),V(v(0,0),v(36,3),v(2514,-2)))
computeVectorTable...completed
computeMtpCisPairs...completed: 9777 MTPs found

removeTranslationallyEquivalentMtps
...DONE: 1726 translationally distinct MTPs
Finding best TEC

Best TEC: (1.75,0.50) T(P(p(72,31),p(324,31)),V(v(0,0),v(726,-2),v(1908,1),v(1926,1),v(1938,1),v(2046,-4),v(3366,0)))
computeVectorTable...completed
computeMtpCisPairs...completed: 8583 MTPs found

removeTranslationallyEquivalentMtps
...DONE: 1300 translationally distinct MTPs
Finding best TEC

Best TEC: (1.71,1.00) T(P(p(612,31),p(624,34)),V(v(0,0),v(180,-4),v(3096,1),v(3636,-2),v(3978,-4),v(4827,0)))
computeVectorTable...completed
computeMtpCisPairs...completed: 7495 MTPs found

removeTranslationallyEquivalentMtps
...DONE: 1022 translationally distinct MTPs
Finding best TEC

Best TEC: (1.67,0.07) T(P(p(381,32),p(921,32),p(1356,29),p(1368,30),p(1440,33)),V(v(0,0),v(3915,-1)))
computeVectorTable...completed
computeMtpCisPairs...completed: 6592 MTPs found

removeTranslationallyEquivalentMtps
...DONE: 809 translationally distinct MTPs
Finding best TEC

Best TEC: (1.60,1.00) T(P(p(0,24),p(468,24)),V(v(0,0),v(2040,7),v(2628,7),v(3120,3)))
computeVectorTable...completed
computeMtpCisPairs...completed: 5891 MTPs found

removeTranslationallyEquivalentMtps
...DONE: 644 translationally distinct MTPs
Finding best TEC

Best TEC: (1.60,0.50) T(P(p(432,31),p(480,28)),V(v(0,0),v(696,1),v(3444,0),v(3900,3)))
computeVectorTable...completed
computeMtpCisPairs...completed: 5231 MTPs found

removeTranslationallyEquivalentMtps
...DONE: 508 translationally distinct MTPs
Finding best TEC

Best TEC: (1.60,1.00) T(P(p(690,31),p(948,31)),V(v(0,0),v(12,0),v(3036,4),v(3168,-4)))
computeVectorTable...completed
computeMtpCisPairs...completed: 4573 MTPs found

removeTranslationallyEquivalentMtps
...DONE: 387 translationally distinct MTPs
Finding best TEC

Best TEC: (1.60,0.15) T(P(p(237,32),p(618,34)),V(v(0,0),v(15,-3),v(3654,-3),v(4854,-2)))
computeVectorTable...completed
computeMtpCisPairs...completed: 3932 MTPs found

removeTranslationallyEquivalentMtps
...DONE: 287 translationally distinct MTPs
Finding best TEC

Best TEC: (1.50,1.00) T(P(p(24,29),p(60,31)),V(v(0,0),v(834,3),v(3624,-1)))
computeVectorTable...completed
computeMtpCisPairs...completed: 3493 MTPs found

removeTranslationallyEquivalentMtps
...DONE: 210 translationally distinct MTPs
Finding best TEC

Best TEC: (1.50,0.67) T(P(p(591,32),p(642,32)),V(v(0,0),v(1137,-5),v(4476,-3)))
computeVectorTable...completed
computeMtpCisPairs...completed: 3062 MTPs found

removeTranslationallyEquivalentMtps
...DONE: 162 translationally distinct MTPs
Finding best TEC

Best TEC: (1.50,0.17) T(P(p(78,31),p(276,31),p(1140,31)),V(v(0,0),v(3594,-2)))
computeVectorTable...completed
computeMtpCisPairs...completed: 2647 MTPs found

removeTranslationallyEquivalentMtps
...DONE: 121 translationally distinct MTPs
Finding best TEC

Best TEC: (1.50,0.13) T(P(p(966,29),p(2712,29)),V(v(0,0),v(1998,5),v(2298,0)))
computeVectorTable...completed
computeMtpCisPairs...completed: 2259 MTPs found

removeTranslationallyEquivalentMtps
...DONE: 83 translationally distinct MTPs
Finding best TEC

Best TEC: (1.50,0.08) T(P(p(1182,32),p(3030,32)),V(v(0,0),v(414,-3),v(2046,-3)))
computeVectorTable...completed
computeMtpCisPairs...completed: 1897 MTPs found

removeTranslationallyEquivalentMtps
...DONE: 55 translationally distinct MTPs
Finding best TEC

Best TEC: (1.33,1.00) T(P(p(1162,33),p(1166,32)),V(v(0,0),v(90,-3)))
computeVectorTable...completed
computeMtpCisPairs...completed: 1663 MTPs found

removeTranslationallyEquivalentMtps
...DONE: 47 translationally distinct MTPs
Finding best TEC

Best TEC: (1.33,0.67) T(P(p(1836,31),p(1932,31)),V(v(0,0),v(3531,2)))
computeVectorTable...completed
computeMtpCisPairs...completed: 1453 MTPs found

removeTranslationallyEquivalentMtps
...DONE: 31 translationally distinct MTPs
Finding best TEC

Best TEC: (1.33,0.50) T(P(p(198,32),p(342,32)),V(v(0,0),v(75,-2)))
computeVectorTable...completed
computeMtpCisPairs...completed: 1255 MTPs found

removeTranslationallyEquivalentMtps
...DONE: 19 translationally distinct MTPs
Finding best TEC

Best TEC: (1.33,0.50) T(P(p(5151,29),p(5589,31)),V(v(0,0),v(42,-4)))
computeVectorTable...completed
computeMtpCisPairs...completed: 1067 MTPs found

removeTranslationallyEquivalentMtps
...DONE: 13 translationally distinct MTPs
Finding best TEC

Best TEC: (1.33,0.11) T(P(p(3402,32),p(3990,34)),V(v(0,0),v(1629,-6)))
computeVectorTable...completed
computeMtpCisPairs...completed: 894 MTPs found

removeTranslationallyEquivalentMtps
...DONE: 10 translationally distinct MTPs
Finding best TEC

Best TEC: (1.33,0.10) T(P(p(1482,32),p(1797,29)),V(v(0,0),v(2058,0)))
computeVectorTable...completed
computeMtpCisPairs...completed: 738 MTPs found

removeTranslationallyEquivalentMtps
...DONE: 4 translationally distinct MTPs
Finding best TEC

Best TEC: (1.33,0.10) T(P(p(15,27),p(486,29)),V(v(0,0),v(4635,0)))
computeVectorTable...completed
computeMtpCisPairs...completed: 594 MTPs found

removeTranslationallyEquivalentMtps
...DONE: 2 translationally distinct MTPs
Finding best TEC

Best TEC: (1.00,1.00) T(P(p(4980,27),p(4983,26)),V(v(0,0),v(3,-1)))
computeVectorTable...completed
computeMtpCisPairs...completed: 496 MTPs found

removeTranslationallyEquivalentMtps
...DONE: 1 translationally distinct MTPs
Finding best TEC

Best TEC: (1.00,0.06) T(P(p(6,27),p(222,29),p(762,24),p(1116,33),p(1240,31),p(1244,31),p(1296,29),p(1344,28),p(1536,34),p(1569,31),p(1662,30),p(1689,27),p(1920,31),p(2196,33),p(2856,31),p(3180,27),p(3258,28),p(3354,31),p(3630,24),p(3780,34),p(3978,32),p(3981,32),p(4134,29),p(4200,27),p(4566,31),p(4872,30),p(5034,25),p(5040,25),p(5211,29),p(5301,31),p(5343,31),p(5613,29)),V(v(0,0)))
