computeVectorTable...completed
computeMtpCisPairs...completed: 33760 MTPs found

removeTranslationallyEquivalentMtps
...DONE: 24062 translationally distinct MTPs
Finding best TEC

Best TEC: (4.50,0.86) T(P(p(308,31),p(316,31),p(320,31),p(324,32),p(328,33),p(352,31)),V(v(0,0),v(1316,-3),v(1436,-3),v(1876,-3),v(1988,-3),v(2476,-3),v(2732,-3),v(2852,-3),v(3036,-3),v(3148,-3),v(3374,-3),v(3894,-3),v(4014,-3),v(4926,-3),v(5046,-3)))
computeVectorTable...completed
computeMtpCisPairs...completed: 32955 MTPs found

removeTranslationallyEquivalentMtps
...DONE: 23125 translationally distinct MTPs
Finding best TEC

Best TEC: (4.26,0.25) T(P(p(1428,24),p(1500,24),p(4006,24),p(4078,24),p(4654,24),p(4726,24)),V(v(0,0),v(4,3),v(44,5),v(48,4),v(52,3),v(364,3),v(396,5),v(400,5),v(412,4),v(420,5),v(424,6),v(436,3),v(532,7),v(540,7)))
computeVectorTable...completed
computeMtpCisPairs...completed: 31703 MTPs found

removeTranslationallyEquivalentMtps
...DONE: 21865 translationally distinct MTPs
Finding best TEC

Best TEC: (3.69,0.42) T(P(p(976,30),p(1184,24),p(1188,27),p(1196,29),p(1200,29),p(1212,28),p(1232,28),p(1236,27)),V(v(0,0),v(1172,0),v(1420,0),v(1484,0),v(1732,0),v(2332,0)))
computeVectorTable...completed
computeMtpCisPairs...completed: 30553 MTPs found

removeTranslationallyEquivalentMtps
...DONE: 20829 translationally distinct MTPs
Finding best TEC

Best TEC: (3.50,0.40) T(P(p(332,32),p(340,31),p(380,31),p(392,31),p(396,29),p(404,27)),V(v(0,0),v(1008,0),v(2428,0),v(3326,0),v(3846,0),v(4494,0),v(4998,0)))
computeVectorTable...completed
computeMtpCisPairs...completed: 29797 MTPs found

removeTranslationallyEquivalentMtps
...DONE: 19985 translationally distinct MTPs
Finding best TEC

Best TEC: (3.14,0.80) T(P(p(40,26),p(68,27),p(72,27),p(76,26)),V(v(0,0),v(184,2),v(2092,5),v(2104,3),v(2204,5),v(2216,3),v(3252,5),v(3264,3),v(3364,5),v(3376,3),v(5142,5)))
computeVectorTable...completed
computeMtpCisPairs...completed: 28963 MTPs found

removeTranslationallyEquivalentMtps
...DONE: 18985 translationally distinct MTPs
Finding best TEC

Best TEC: (3.09,0.50) T(P(p(1260,29),p(1296,28),p(1324,29),p(1372,28),p(1380,29)),V(v(0,0),v(396,3),v(1692,3),v(1812,3),v(2566,0),v(2974,3),v(3622,3)))
computeVectorTable...completed
computeMtpCisPairs...completed: 28361 MTPs found

removeTranslationallyEquivalentMtps
...DONE: 18236 translationally distinct MTPs
Finding best TEC

Best TEC: (2.73,0.44) T(P(p(1588,31),p(1664,30),p(1780,31),p(1784,30)),V(v(0,0),v(268,-2),v(1296,0),v(1416,0),v(1492,-1),v(1832,-1),v(2526,0),v(2846,-2)))
computeVectorTable...completed
computeMtpCisPairs...completed: 27927 MTPs found

removeTranslationallyEquivalentMtps
...DONE: 17525 translationally distinct MTPs
Finding best TEC

Best TEC: (2.92,0.57) T(P(p(116,29),p(188,29),p(192,28),p(196,27)),V(v(0,0),v(96,0),v(1076,0),v(2276,0),v(2348,0),v(2452,2),v(3364,2),v(3738,2),v(4482,0),v(4554,0)))
computeVectorTable...completed
computeMtpCisPairs...completed: 27291 MTPs found

removeTranslationallyEquivalentMtps
...DONE: 16431 translationally distinct MTPs
Finding best TEC

Best TEC: (2.57,1.00) T(P(p(12,27),p(16,27),p(24,27)),V(v(0,0),v(112,4),v(136,3),v(1352,1),v(1560,4),v(1692,4),v(2500,4),v(3108,4),v(3618,4),v(3958,4),v(4966,5),v(5290,4)))
computeVectorTable...completed
computeMtpCisPairs...completed: 26275 MTPs found

removeTranslationallyEquivalentMtps
...DONE: 15200 translationally distinct MTPs
Finding best TEC

Best TEC: (2.50,0.60) T(P(p(728,29),p(968,29),p(1040,29)),V(v(0,0),v(32,3),v(56,2),v(96,-1),v(496,2),v(1896,-1),v(1900,-2),v(3062,-1),v(3426,0),v(3966,2)))
computeVectorTable...completed
computeMtpCisPairs...completed: 25657 MTPs found

removeTranslationallyEquivalentMtps
...DONE: 14156 translationally distinct MTPs
Finding best TEC

Best TEC: (2.40,0.75) T(P(p(56,24),p(96,26),p(104,24)),V(v(0,0),v(1196,3),v(1256,5),v(1900,5),v(3690,3),v(3762,3),v(4478,5),v(4706,5)))
computeVectorTable...completed
computeMtpCisPairs...completed: 24781 MTPs found

removeTranslationallyEquivalentMtps
...DONE: 13179 translationally distinct MTPs
Finding best TEC

Best TEC: (2.33,1.00) T(P(p(220,29),p(228,27),p(232,28)),V(v(0,0),v(1224,0),v(1296,0),v(2216,0),v(2520,2),v(3538,0),v(3610,0)))
computeVectorTable...completed
computeMtpCisPairs...completed: 24172 MTPs found

removeTranslationallyEquivalentMtps
...DONE: 12253 translationally distinct MTPs
Finding best TEC

Best TEC: (2.33,0.75) T(P(p(1316,29),p(1320,29),p(1336,31)),V(v(0,0),v(692,-1),v(820,0),v(932,0),v(1980,0),v(2092,0),v(3270,-1)))
computeVectorTable...completed
computeMtpCisPairs...completed: 23582 MTPs found

removeTranslationallyEquivalentMtps
...DONE: 11332 translationally distinct MTPs
Finding best TEC

Best TEC: (2.25,1.00) T(P(p(2068,24),p(2080,24),p(2092,24)),V(v(0,0),v(4,3),v(932,7),v(1160,0),v(1164,3),v(2082,7)))
computeVectorTable...completed
computeMtpCisPairs...completed: 22136 MTPs found

removeTranslationallyEquivalentMtps
...DONE: 10342 translationally distinct MTPs
Finding best TEC

Best TEC: (2.25,0.75) T(P(p(496,31),p(512,28),p(520,27)),V(v(0,0),v(144,0),v(384,0),v(3158,2),v(4710,2),v(4830,2)))
computeVectorTable...completed
computeMtpCisPairs...completed: 21208 MTPs found

removeTranslationallyEquivalentMtps
...DONE: 9312 translationally distinct MTPs
Finding best TEC

Best TEC: (2.14,0.43) T(P(p(1256,29),p(1512,29),p(1888,29)),V(v(0,0),v(88,3),v(1200,0),v(1480,2),v(2850,0)))
computeVectorTable...completed
computeMtpCisPairs...completed: 20626 MTPs found

removeTranslationallyEquivalentMtps
...DONE: 8583 translationally distinct MTPs
Finding best TEC

Best TEC: (2.14,0.19) T(P(p(60,27),p(264,27),p(368,28)),V(v(0,0),v(208,1),v(1752,0),v(2320,0),v(4694,1)))
computeVectorTable...completed
computeMtpCisPairs...completed: 19906 MTPs found

removeTranslationallyEquivalentMtps
...DONE: 7782 translationally distinct MTPs
Finding best TEC

Best TEC: (2.14,0.14) T(P(p(1832,28),p(1904,28),p(1980,33)),V(v(0,0),v(4,-1),v(2186,-1),v(2578,0),v(2582,-1)))
computeVectorTable...completed
computeMtpCisPairs...completed: 18927 MTPs found

removeTranslationallyEquivalentMtps
...DONE: 6945 translationally distinct MTPs
Finding best TEC

Best TEC: (2.14,0.12) T(P(p(28,28),p(36,30),p(376,30)),V(v(0,0),v(208,-1),v(336,-1),v(4246,1),v(4822,2)))
computeVectorTable...completed
computeMtpCisPairs...completed: 17972 MTPs found

removeTranslationallyEquivalentMtps
...DONE: 6226 translationally distinct MTPs
Finding best TEC

Best TEC: (2.00,0.21) T(P(p(184,29),p(356,28),p(448,29)),V(v(0,0),v(3530,3),v(3594,2),v(4482,0)))
computeVectorTable...completed
computeMtpCisPairs...completed: 17106 MTPs found

removeTranslationallyEquivalentMtps
...DONE: 5638 translationally distinct MTPs
Finding best TEC

Best TEC: (2.00,0.18) T(P(p(1620,29),p(1732,29),p(2780,29)),V(v(0,0),v(488,2),v(596,3),v(612,-2)))
computeVectorTable...completed
computeMtpCisPairs...completed: 16374 MTPs found

removeTranslationallyEquivalentMtps
...DONE: 5084 translationally distinct MTPs
Finding best TEC

Best TEC: (2.00,0.08) T(P(p(3814,24),p(4438,28),p(4462,24)),V(v(0,0),v(384,5),v(504,5),v(576,0)))
computeVectorTable...completed
computeMtpCisPairs...completed: 15073 MTPs found

removeTranslationallyEquivalentMtps
...DONE: 4572 translationally distinct MTPs
Finding best TEC

Best TEC: (2.00,0.12) T(P(p(200,28),p(464,27),p(808,28)),V(v(0,0),v(920,3),v(2572,2),v(2680,4)))
computeVectorTable...completed
computeMtpCisPairs...completed: 14270 MTPs found

removeTranslationallyEquivalentMtps
...DONE: 4031 translationally distinct MTPs
Finding best TEC

Best TEC: (2.00,0.04) T(P(p(4,27),p(892,29),p(944,29)),V(v(0,0),v(716,2),v(1812,2),v(4030,2)))
computeVectorTable...completed
computeMtpCisPairs...completed: 13462 MTPs found

removeTranslationallyEquivalentMtps
...DONE: 3506 translationally distinct MTPs
Finding best TEC

Best TEC: (1.83,1.00) T(P(p(208,31),p(280,31)),V(v(0,0),v(224,-2),v(996,-3),v(1216,-7),v(1260,-1),v(1764,0),v(2280,0),v(3814,-4),v(3838,-1),v(4834,-4),v(4878,-5)))
computeVectorTable...completed
computeMtpCisPairs...completed: 11547 MTPs found

removeTranslationallyEquivalentMtps
...DONE: 2698 translationally distinct MTPs
Finding best TEC

Best TEC: (1.80,1.00) T(P(p(164,29),p(168,28)),V(v(0,0),v(632,1),v(1948,1),v(2168,2),v(2412,0),v(2728,-1),v(3432,0),v(3456,-1),v(3794,1)))
computeVectorTable...completed
computeMtpCisPairs...completed: 10168 MTPs found

removeTranslationallyEquivalentMtps
...DONE: 2041 translationally distinct MTPs
Finding best TEC

Best TEC: (1.80,0.75) T(P(p(20,26),p(52,27),p(108,27)),V(v(0,0),v(596,2),v(4746,4)))
computeVectorTable...completed
computeMtpCisPairs...completed: 9398 MTPs found

removeTranslationallyEquivalentMtps
...DONE: 1754 translationally distinct MTPs
Finding best TEC

Best TEC: (1.80,0.33) T(P(p(388,32),p(832,32),p(1088,32)),V(v(0,0),v(840,-3),v(3462,-1)))
computeVectorTable...completed
computeMtpCisPairs...completed: 8681 MTPs found

removeTranslationallyEquivalentMtps
...DONE: 1495 translationally distinct MTPs
Finding best TEC

Best TEC: (1.80,0.18) T(P(p(176,31),p(1288,31),p(1596,31)),V(v(0,0),v(1220,1),v(1264,-2)))
computeVectorTable...completed
computeMtpCisPairs...completed: 7976 MTPs found

removeTranslationallyEquivalentMtps
...DONE: 1232 translationally distinct MTPs
Finding best TEC

Best TEC: (1.80,0.15) T(P(p(856,31),p(1132,29),p(1220,31)),V(v(0,0),v(1352,0),v(2408,0)))
computeVectorTable...completed
computeMtpCisPairs...completed: 7247 MTPs found

removeTranslationallyEquivalentMtps
...DONE: 1001 translationally distinct MTPs
Finding best TEC

Best TEC: (1.71,0.15) T(P(p(120,31),p(440,29)),V(v(0,0),v(128,-2),v(888,1),v(4570,0),v(4694,0),v(4834,0)))
computeVectorTable...completed
computeMtpCisPairs...completed: 6224 MTPs found

removeTranslationallyEquivalentMtps
...DONE: 759 translationally distinct MTPs
Finding best TEC

Best TEC: (1.67,1.00) T(P(p(80,27),p(84,28)),V(v(0,0),v(2416,4),v(3818,2),v(3830,4),v(5238,4)))
computeVectorTable...completed
computeMtpCisPairs...completed: 5367 MTPs found

removeTranslationallyEquivalentMtps
...DONE: 590 translationally distinct MTPs
Finding best TEC

Best TEC: (1.67,0.40) T(P(p(48,24),p(416,24)),V(v(0,0),v(336,7),v(544,5),v(2008,3),v(4522,7)))
computeVectorTable...completed
computeMtpCisPairs...completed: 4557 MTPs found

removeTranslationallyEquivalentMtps
...DONE: 464 translationally distinct MTPs
Finding best TEC

Best TEC: (1.60,0.09) T(P(p(400,28),p(776,31)),V(v(0,0),v(1484,-1),v(4194,-1),v(4494,0)))
computeVectorTable...completed
computeMtpCisPairs...completed: 3931 MTPs found

removeTranslationallyEquivalentMtps
...DONE: 369 translationally distinct MTPs
Finding best TEC

Best TEC: (1.50,1.00) T(P(p(172,29),p(180,31)),V(v(0,0),v(2376,-1),v(2676,-2)))
computeVectorTable...completed
computeMtpCisPairs...completed: 3503 MTPs found

removeTranslationallyEquivalentMtps
...DONE: 289 translationally distinct MTPs
Finding best TEC

Best TEC: (1.50,0.40) T(P(p(1036,30),p(1112,34)),V(v(0,0),v(172,-3),v(2468,-3)))
computeVectorTable...completed
computeMtpCisPairs...completed: 3098 MTPs found

removeTranslationallyEquivalentMtps
...DONE: 198 translationally distinct MTPs
Finding best TEC

Best TEC: (1.50,0.40) T(P(p(344,32),p(424,27)),V(v(0,0),v(528,2),v(4210,0)))
computeVectorTable...completed
computeMtpCisPairs...completed: 2690 MTPs found

removeTranslationallyEquivalentMtps
...DONE: 143 translationally distinct MTPs
Finding best TEC

Best TEC: (1.50,0.22) T(P(p(2020,29),p(2400,29)),V(v(0,0),v(712,2),v(1188,-2)))
computeVectorTable...completed
computeMtpCisPairs...completed: 2305 MTPs found

removeTranslationallyEquivalentMtps
...DONE: 101 translationally distinct MTPs
Finding best TEC

Best TEC: (1.50,0.10) T(P(p(132,32),p(140,31),p(848,32)),V(v(0,0),v(2300,-3)))
computeVectorTable...completed
computeMtpCisPairs...completed: 1942 MTPs found

removeTranslationallyEquivalentMtps
...DONE: 71 translationally distinct MTPs
Finding best TEC

Best TEC: (1.33,0.50) T(P(p(1648,31),p(1696,31)),V(v(0,0),v(1936,0)))
computeVectorTable...completed
computeMtpCisPairs...completed: 1720 MTPs found

removeTranslationallyEquivalentMtps
...DONE: 49 translationally distinct MTPs
Finding best TEC

Best TEC: (1.33,0.33) T(P(p(992,31),p(1048,28)),V(v(0,0),v(1328,0)))
computeVectorTable...completed
computeMtpCisPairs...completed: 1510 MTPs found

removeTranslationallyEquivalentMtps
...DONE: 31 translationally distinct MTPs
Finding best TEC

Best TEC: (1.33,0.33) T(P(p(768,32),p(1988,31)),V(v(0,0),v(2882,2)))
computeVectorTable...completed
computeMtpCisPairs...completed: 1302 MTPs found

removeTranslationallyEquivalentMtps
...DONE: 25 translationally distinct MTPs
Finding best TEC

Best TEC: (1.33,0.25) T(P(p(2532,30),p(2888,30)),V(v(0,0),v(496,-1)))
computeVectorTable...completed
computeMtpCisPairs...completed: 1112 MTPs found

removeTranslationallyEquivalentMtps
...DONE: 17 translationally distinct MTPs
Finding best TEC

Best TEC: (1.33,0.25) T(P(p(3782,31),p(4358,31)),V(v(0,0),v(504,1)))
computeVectorTable...completed
computeMtpCisPairs...completed: 938 MTPs found

removeTranslationallyEquivalentMtps
...DONE: 9 translationally distinct MTPs
Finding best TEC

Best TEC: (1.33,0.11) T(P(p(0,24),p(112,31)),V(v(0,0),v(2844,0)))
computeVectorTable...completed
computeMtpCisPairs...completed: 776 MTPs found

removeTranslationallyEquivalentMtps
...DONE: 5 translationally distinct MTPs
Finding best TEC

Best TEC: (1.33,0.05) T(P(p(336,32),p(1612,29)),V(v(0,0),v(808,-5)))
computeVectorTable...completed
computeMtpCisPairs...completed: 628 MTPs found

removeTranslationallyEquivalentMtps
...DONE: 3 translationally distinct MTPs
Finding best TEC

Best TEC: (1.33,0.02) T(P(p(1860,28),p(3754,29)),V(v(0,0),v(1632,2)))
computeVectorTable...completed
computeMtpCisPairs...completed: 496 MTPs found

removeTranslationallyEquivalentMtps
...DONE: 1 translationally distinct MTPs
Finding best TEC

Best TEC: (1.00,0.04) T(P(p(92,30),p(240,24),p(304,29),p(560,24),p(608,27),p(736,30),p(1016,31),p(1248,24),p(1362,29),p(1410,28),p(1740,29),p(1992,31),p(2224,30),p(2520,31),p(2692,27),p(2744,29),p(2872,28),p(3280,28),p(3608,31),p(3646,32),p(3742,24),p(3922,32),p(3986,27),p(4506,29),p(4566,31),p(4682,28),p(4808,29),p(4818,34),p(4873,32),p(4993,32),p(5110,24),p(5282,27)),V(v(0,0)))
