computeVectorTable...completed
computeMtpCisPairs...completed: 22193 MTPs found

removeTranslationallyEquivalentMtps
...DONE: 14063 translationally distinct MTPs
Finding best TEC

Best TEC: (4.00,0.73) T(P(p(132,31),p(140,28),p(148,24),p(156,27),p(172,31),p(176,30),p(178,29),p(180,28)),V(v(0,0),v(262,0),v(622,0),v(756,0),v(904,0),v(1380,0),v(1808,0)))
computeVectorTable...completed
computeMtpCisPairs...completed: 21036 MTPs found

removeTranslationallyEquivalentMtps
...DONE: 13209 translationally distinct MTPs
Finding best TEC

Best TEC: (3.46,0.36) T(P(p(610,31),p(1180,31),p(1308,31),p(1728,31),p(2078,31)),V(v(0,0),v(4,-1),v(6,-2),v(8,-3),v(12,-5),v(16,-7),v(56,-1),v(64,1),v(112,-4)))
computeVectorTable...completed
computeMtpCisPairs...completed: 20017 MTPs found

removeTranslationallyEquivalentMtps
...DONE: 12447 translationally distinct MTPs
Finding best TEC

Best TEC: (2.91,0.24) T(P(p(810,28),p(946,28),p(1094,28),p(1394,28)),V(v(0,0),v(6,2),v(10,3),v(34,0),v(36,1),v(38,2),v(62,-1),v(494,4)))
computeVectorTable...completed
computeMtpCisPairs...completed: 19654 MTPs found

removeTranslationallyEquivalentMtps
...DONE: 12210 translationally distinct MTPs
Finding best TEC

Best TEC: (2.67,0.80) T(P(p(52,27),p(88,27),p(116,27),p(144,26)),V(v(0,0),v(210,5),v(214,4),v(804,2),v(1244,1),v(2130,1)))
computeVectorTable...completed
computeMtpCisPairs...completed: 19231 MTPs found

removeTranslationallyEquivalentMtps
...DONE: 11803 translationally distinct MTPs
Finding best TEC

Best TEC: (2.67,0.31) T(P(p(198,31),p(206,32),p(210,31),p(250,27)),V(v(0,0),v(262,0),v(332,0),v(1238,0),v(1454,0),v(1808,0)))
computeVectorTable...completed
computeMtpCisPairs...completed: 18745 MTPs found

removeTranslationallyEquivalentMtps
...DONE: 11327 translationally distinct MTPs
Finding best TEC

Best TEC: (2.54,0.75) T(P(p(30,30),p(46,32),p(54,31)),V(v(0,0),v(450,-3),v(520,-3),v(946,-3),v(1094,-3),v(1570,-3),v(1642,-3),v(1778,-3),v(1838,1),v(1996,-3),v(2302,-3)))
computeVectorTable...completed
computeMtpCisPairs...completed: 18160 MTPs found

removeTranslationallyEquivalentMtps
...DONE: 10729 translationally distinct MTPs
Finding best TEC

Best TEC: (2.54,0.75) T(P(p(630,25),p(632,26),p(650,28)),V(v(0,0),v(32,3),v(182,3),v(466,3),v(570,0),v(598,3),v(1118,0),v(1150,3),v(1222,3),v(1468,0),v(1500,3)))
computeVectorTable...completed
computeMtpCisPairs...completed: 17323 MTPs found

removeTranslationallyEquivalentMtps
...DONE: 10040 translationally distinct MTPs
Finding best TEC

Best TEC: (2.38,0.40) T(P(p(316,29),p(318,30),p(348,29),p(386,27)),V(v(0,0),v(208,0),v(1682,-1),v(1684,0),v(1944,2)))
computeVectorTable...completed
computeMtpCisPairs...completed: 16898 MTPs found

removeTranslationallyEquivalentMtps
...DONE: 9513 translationally distinct MTPs
Finding best TEC

Best TEC: (2.25,0.50) T(P(p(20,27),p(32,28),p(100,28)),V(v(0,0),v(1244,3),v(1364,2),v(1796,3),v(2138,0),v(2224,2)))
computeVectorTable...completed
computeMtpCisPairs...completed: 16501 MTPs found

removeTranslationallyEquivalentMtps
...DONE: 9040 translationally distinct MTPs
Finding best TEC

Best TEC: (2.33,1.00) T(P(p(78,31),p(82,32),p(84,31)),V(v(0,0),v(410,-1),v(480,-1),v(1178,0),v(1530,-1),v(1602,-1),v(1956,-1)))
computeVectorTable...completed
computeMtpCisPairs...completed: 15985 MTPs found

removeTranslationallyEquivalentMtps
...DONE: 8457 translationally distinct MTPs
Finding best TEC

Best TEC: (2.14,0.60) T(P(p(124,28),p(136,30),p(164,28)),V(v(0,0),v(622,0),v(1164,-1),v(1380,0),v(1808,0)))
computeVectorTable...completed
computeMtpCisPairs...completed: 15622 MTPs found

removeTranslationallyEquivalentMtps
...DONE: 7958 translationally distinct MTPs
Finding best TEC

Best TEC: (2.14,0.38) T(P(p(28,31),p(68,29),p(92,31)),V(v(0,0),v(278,-2),v(306,-2),v(1148,1),v(2046,1)))
computeVectorTable...completed
computeMtpCisPairs...completed: 15123 MTPs found

removeTranslationallyEquivalentMtps
...DONE: 7404 translationally distinct MTPs
Finding best TEC

Best TEC: (2.14,0.13) T(P(p(94,30),p(194,30),p(238,27)),V(v(0,0),v(730,2),v(1014,2),v(1666,1),v(2072,0)))
computeVectorTable...completed
computeMtpCisPairs...completed: 14590 MTPs found

removeTranslationallyEquivalentMtps
...DONE: 6806 translationally distinct MTPs
Finding best TEC

Best TEC: (2.14,0.75) T(P(p(226,29),p(230,31),p(258,29)),V(v(0,0),v(226,-1),v(1346,-1),v(1418,-1),v(1494,-2)))
computeVectorTable...completed
computeMtpCisPairs...completed: 14163 MTPs found

removeTranslationallyEquivalentMtps
...DONE: 6172 translationally distinct MTPs
Finding best TEC

Best TEC: (2.00,0.40) T(P(p(738,27),p(750,32),p(760,29),p(790,32)),V(v(0,0),v(758,0),v(1186,0)))
computeVectorTable...completed
computeMtpCisPairs...completed: 13602 MTPs found

removeTranslationallyEquivalentMtps
...DONE: 5663 translationally distinct MTPs
Finding best TEC

Best TEC: (2.00,0.33) T(P(p(12,28),p(38,29),p(48,31)),V(v(0,0),v(12,0),v(648,0),v(1156,-4)))
computeVectorTable...completed
computeMtpCisPairs...completed: 12939 MTPs found

removeTranslationallyEquivalentMtps
...DONE: 5087 translationally distinct MTPs
Finding best TEC

Best TEC: (2.00,0.15) T(P(p(58,29),p(128,32),p(192,29)),V(v(0,0),v(708,-3),v(2158,0),v(2170,-2)))
computeVectorTable...completed
computeMtpCisPairs...completed: 12205 MTPs found

removeTranslationallyEquivalentMtps
...DONE: 4516 translationally distinct MTPs
Finding best TEC

Best TEC: (2.00,0.04) T(P(p(10,30),p(270,29),p(1232,30),p(1452,29)),V(v(0,0),v(180,-2),v(874,2)))
computeVectorTable...completed
computeMtpCisPairs...completed: 11590 MTPs found

removeTranslationallyEquivalentMtps
...DONE: 3949 translationally distinct MTPs
Finding best TEC

Best TEC: (1.83,1.00) T(P(p(234,28),p(292,28)),V(v(0,0),v(22,0),v(132,0),v(740,3),v(1044,1),v(1578,3),v(1928,-2),v(1976,3),v(2019,-1),v(2020,-1),v(2046,3)))
computeVectorTable...completed
computeMtpCisPairs...completed: 10037 MTPs found

removeTranslationallyEquivalentMtps
...DONE: 3054 translationally distinct MTPs
Finding best TEC

Best TEC: (1.82,1.00) T(P(p(56,31),p(64,28)),V(v(0,0),v(490,0),v(650,0),v(796,0),v(984,-2),v(1056,1),v(1154,1),v(1416,0),v(1702,0),v(2090,1)))
computeVectorTable...completed
computeMtpCisPairs...completed: 8880 MTPs found

removeTranslationallyEquivalentMtps
...DONE: 2230 translationally distinct MTPs
Finding best TEC

Best TEC: (1.80,0.33) T(P(p(86,29),p(232,29),p(294,29)),V(v(0,0),v(1374,0),v(1494,2)))
computeVectorTable...completed
computeMtpCisPairs...completed: 8313 MTPs found

removeTranslationallyEquivalentMtps
...DONE: 1885 translationally distinct MTPs
Finding best TEC

Best TEC: (1.75,0.33) T(P(p(214,29),p(426,29)),V(v(0,0),v(96,-1),v(216,2),v(854,-1),v(1166,2),v(1370,3),v(1584,3)))
computeVectorTable...completed
computeMtpCisPairs...completed: 7351 MTPs found

removeTranslationallyEquivalentMtps
...DONE: 1394 translationally distinct MTPs
Finding best TEC

Best TEC: (1.75,0.15) T(P(p(26,32),p(322,31)),V(v(0,0),v(312,-4),v(946,-1),v(964,-5),v(1046,0),v(1442,-2),v(1882,-4)))
computeVectorTable...completed
computeMtpCisPairs...completed: 6330 MTPs found

removeTranslationallyEquivalentMtps
...DONE: 1004 translationally distinct MTPs
Finding best TEC

Best TEC: (1.67,1.00) T(P(p(0,27),p(4,28)),V(v(0,0),v(218,0),v(602,1),v(694,4),v(2314,3)))
computeVectorTable...completed
computeMtpCisPairs...completed: 5589 MTPs found

removeTranslationallyEquivalentMtps
...DONE: 745 translationally distinct MTPs
Finding best TEC

Best TEC: (1.67,0.20) T(P(p(138,29),p(274,28)),V(v(0,0),v(396,3),v(690,3),v(1074,2),v(2070,0)))
computeVectorTable...completed
computeMtpCisPairs...completed: 4822 MTPs found

removeTranslationallyEquivalentMtps
...DONE: 563 translationally distinct MTPs
Finding best TEC

Best TEC: (1.67,0.06) T(P(p(6,32),p(8,31),p(476,31),p(678,32),p(960,32)),V(v(0,0),v(1344,-3)))
computeVectorTable...completed
computeMtpCisPairs...completed: 4102 MTPs found

removeTranslationallyEquivalentMtps
...DONE: 369 translationally distinct MTPs
Finding best TEC

Best TEC: (1.60,0.13) T(P(p(382,27),p(864,27)),V(v(0,0),v(308,0),v(498,2),v(1482,4)))
computeVectorTable...completed
computeMtpCisPairs...completed: 3520 MTPs found

removeTranslationallyEquivalentMtps
...DONE: 254 translationally distinct MTPs
Finding best TEC

Best TEC: (1.50,1.00) T(P(p(74,30),p(76,30)),V(v(0,0),v(1642,-6),v(1804,4)))
computeVectorTable...completed
computeMtpCisPairs...completed: 3070 MTPs found

removeTranslationallyEquivalentMtps
...DONE: 209 translationally distinct MTPs
Finding best TEC

Best TEC: (1.50,1.00) T(P(p(42,31),p(168,32)),V(v(0,0),v(240,-7),v(1636,-2)))
computeVectorTable...completed
computeMtpCisPairs...completed: 2682 MTPs found

removeTranslationallyEquivalentMtps
...DONE: 146 translationally distinct MTPs
Finding best TEC

Best TEC: (1.50,0.50) T(P(p(80,32),p(96,29)),V(v(0,0),v(310,-3),v(1296,0)))
computeVectorTable...completed
computeMtpCisPairs...completed: 2298 MTPs found

removeTranslationallyEquivalentMtps
...DONE: 106 translationally distinct MTPs
Finding best TEC

Best TEC: (1.50,0.25) T(P(p(104,27),p(342,27)),V(v(0,0),v(360,5),v(1892,1)))
computeVectorTable...completed
computeMtpCisPairs...completed: 1938 MTPs found

removeTranslationallyEquivalentMtps
...DONE: 73 translationally distinct MTPs
Finding best TEC

Best TEC: (1.50,0.15) T(P(p(31,29),p(486,29)),V(v(0,0),v(59,2),v(1309,3)))
computeVectorTable...completed
computeMtpCisPairs...completed: 1597 MTPs found

removeTranslationallyEquivalentMtps
...DONE: 55 translationally distinct MTPs
Finding best TEC

Best TEC: (1.33,1.00) T(P(p(40,30),p(44,32)),V(v(0,0),v(2124,-3)))
computeVectorTable...completed
computeMtpCisPairs...completed: 1385 MTPs found

removeTranslationallyEquivalentMtps
...DONE: 45 translationally distinct MTPs
Finding best TEC

Best TEC: (1.33,0.50) T(P(p(1836,28),p(1856,30)),V(v(0,0),v(416,-1)))
computeVectorTable...completed
computeMtpCisPairs...completed: 1197 MTPs found

removeTranslationallyEquivalentMtps
...DONE: 27 translationally distinct MTPs
Finding best TEC

Best TEC: (1.33,0.29) T(P(p(454,29),p(648,29)),V(v(0,0),v(1592,2)))
computeVectorTable...completed
computeMtpCisPairs...completed: 1014 MTPs found

removeTranslationallyEquivalentMtps
...DONE: 22 translationally distinct MTPs
Finding best TEC

Best TEC: (1.33,0.25) T(P(p(475,31),p(520,27)),V(v(0,0),v(1392,0)))
computeVectorTable...completed
computeMtpCisPairs...completed: 848 MTPs found

removeTranslationallyEquivalentMtps
...DONE: 14 translationally distinct MTPs
Finding best TEC

Best TEC: (1.33,0.22) T(P(p(188,28),p(286,27)),V(v(0,0),v(360,3)))
computeVectorTable...completed
computeMtpCisPairs...completed: 694 MTPs found

removeTranslationallyEquivalentMtps
...DONE: 10 translationally distinct MTPs
Finding best TEC

Best TEC: (1.33,0.20) T(P(p(478,31),p(638,31)),V(v(0,0),v(1118,-2)))
computeVectorTable...completed
computeMtpCisPairs...completed: 558 MTPs found

removeTranslationallyEquivalentMtps
...DONE: 4 translationally distinct MTPs
Finding best TEC

Best TEC: (1.33,0.02) T(P(p(14,26),p(916,28)),V(v(0,0),v(1258,3)))
computeVectorTable...completed
computeMtpCisPairs...completed: 434 MTPs found

removeTranslationallyEquivalentMtps
...DONE: 2 translationally distinct MTPs
Finding best TEC

Best TEC: (1.00,0.13) T(P(p(840,27),p(988,29)),V(v(0,0),v(148,2)))
computeVectorTable...completed
computeMtpCisPairs...completed: 351 MTPs found

removeTranslationallyEquivalentMtps
...DONE: 1 translationally distinct MTPs
Finding best TEC

Best TEC: (1.00,0.05) T(P(p(11,29),p(16,24),p(39,29),p(75,30),p(202,32),p(242,27),p(350,32),p(854,30),p(950,29),p(1024,24),p(1028,27),p(1170,26),p(1254,31),p(1462,28),p(1575,29),p(1647,29),p(1656,32),p(1952,26),p(2066,25),p(2102,27),p(2110,31),p(2116,29),p(2202,27),p(2222,24),p(2289,31),p(2290,30),p(2320,32)),V(v(0,0)))
