computeVectorTable...completed
computeMtpCisPairs...completed: 28819 MTPs found

removeTranslationallyEquivalentMtps
...DONE: 19648 translationally distinct MTPs
Finding best TEC

Best TEC: (3.08,1.00) T(P(p(396,28),p(398,27),p(402,26),p(406,25)),V(v(0,0),v(266,0),v(358,6),v(390,2),v(958,2),v(1110,2),v(1262,2),v(1392,2),v(1506,-2),v(1876,2)))
computeVectorTable...completed
computeMtpCisPairs...completed: 27930 MTPs found

removeTranslationallyEquivalentMtps
...DONE: 18949 translationally distinct MTPs
Finding best TEC

Best TEC: (2.92,1.00) T(P(p(4,31),p(10,31),p(12,30),p(14,29)),V(v(0,0),v(1222,0),v(1368,0),v(1528,0),v(1672,0),v(1686,0),v(1802,-1),v(2066,0),v(2524,-1),v(2526,-2)))
computeVectorTable...completed
computeMtpCisPairs...completed: 27545 MTPs found

removeTranslationallyEquivalentMtps
...DONE: 18547 translationally distinct MTPs
Finding best TEC

Best TEC: (2.82,0.44) T(P(p(152,25),p(186,26),p(206,25),p(210,27)),V(v(0,0),v(172,2),v(1376,2),v(1434,4),v(1650,1),v(1828,3),v(2200,4),v(2298,6)))
computeVectorTable...completed
computeMtpCisPairs...completed: 27139 MTPs found

removeTranslationallyEquivalentMtps
...DONE: 18043 translationally distinct MTPs
Finding best TEC

Best TEC: (2.80,1.00) T(P(p(128,32),p(130,33),p(132,34),p(136,32)),V(v(0,0),v(258,-2),v(322,-7),v(524,-2),v(1520,0),v(1580,-5),v(2432,0)))
computeVectorTable...completed
computeMtpCisPairs...completed: 26280 MTPs found

removeTranslationallyEquivalentMtps
...DONE: 17426 translationally distinct MTPs
Finding best TEC

Best TEC: (2.80,0.80) T(P(p(34,31),p(40,31),p(44,31),p(84,31)),V(v(0,0),v(380,-2),v(1368,0),v(1806,-4),v(2084,-3),v(2096,0),v(2290,0)))
computeVectorTable...completed
computeMtpCisPairs...completed: 25954 MTPs found

removeTranslationallyEquivalentMtps
...DONE: 17013 translationally distinct MTPs
Finding best TEC

Best TEC: (2.68,1.00) T(P(p(98,29),p(100,29),p(102,28)),V(v(0,0),v(114,-2),v(196,0),v(262,-2),v(458,-1),v(1334,0),v(1368,0),v(1490,0),v(1524,0),v(1764,-1),v(1852,1),v(1918,-1),v(2134,2),v(2256,0),v(2290,0),v(2324,3),v(2398,0)))
computeVectorTable...completed
computeMtpCisPairs...completed: 25397 MTPs found

removeTranslationallyEquivalentMtps
...DONE: 16261 translationally distinct MTPs
Finding best TEC

Best TEC: (2.67,0.50) T(P(p(68,32),p(74,32),p(78,33),p(80,34),p(92,31),p(108,27)),V(v(0,0),v(524,-2),v(1108,0),v(1918,-1)))
computeVectorTable...completed
computeMtpCisPairs...completed: 24608 MTPs found

removeTranslationallyEquivalentMtps
...DONE: 15671 translationally distinct MTPs
Finding best TEC

Best TEC: (2.50,1.00) T(P(p(168,28),p(172,27),p(180,27)),V(v(0,0),v(798,3),v(852,2),v(966,3),v(1140,3),v(1292,3),v(1436,4),v(1578,3),v(1650,1),v(2344,4)))
computeVectorTable...completed
computeMtpCisPairs...completed: 24243 MTPs found

removeTranslationallyEquivalentMtps
...DONE: 15346 translationally distinct MTPs
Finding best TEC

Best TEC: (2.45,1.00) T(P(p(430,27),p(442,26),p(446,27)),V(v(0,0),v(194,0),v(410,4),v(814,5),v(1712,4),v(1744,2),v(1746,2),v(1808,2),v(1860,4)))
computeVectorTable...completed
computeMtpCisPairs...completed: 23911 MTPs found

removeTranslationallyEquivalentMtps
...DONE: 14973 translationally distinct MTPs
Finding best TEC

Best TEC: (2.40,1.00) T(P(p(48,32),p(76,32),p(82,32)),V(v(0,0),v(264,-2),v(524,-2),v(810,-3),v(1678,-4),v(1976,-5),v(2394,-1),v(2404,-1)))
computeVectorTable...completed
computeMtpCisPairs...completed: 23404 MTPs found

removeTranslationallyEquivalentMtps
...DONE: 14373 translationally distinct MTPs
Finding best TEC

Best TEC: (2.36,1.00) T(P(p(50,31),p(104,32),p(106,31)),V(v(0,0),v(1162,-4),v(1212,0),v(1218,-4),v(1318,-4),v(1394,2),v(1454,0),v(1680,0),v(2312,3)))
computeVectorTable...completed
computeMtpCisPairs...completed: 22567 MTPs found

removeTranslationallyEquivalentMtps
...DONE: 13681 translationally distinct MTPs
Finding best TEC

Best TEC: (2.33,0.23) T(P(p(148,27),p(154,27),p(286,26)),V(v(0,0),v(42,-1),v(152,0),v(220,-1),v(786,5),v(1098,4),v(1824,3)))
computeVectorTable...completed
computeMtpCisPairs...completed: 22016 MTPs found

removeTranslationallyEquivalentMtps
...DONE: 13109 translationally distinct MTPs
Finding best TEC

Best TEC: (2.25,0.75) T(P(p(252,25),p(254,26),p(410,25)),V(v(0,0),v(808,4),v(1092,7),v(1146,6),v(1710,3),v(1792,7)))
computeVectorTable...completed
computeMtpCisPairs...completed: 21524 MTPs found

removeTranslationallyEquivalentMtps
...DONE: 12633 translationally distinct MTPs
Finding best TEC

Best TEC: (2.25,0.60) T(P(p(156,29),p(162,29),p(246,29)),V(v(0,0),v(176,1),v(672,-2),v(1838,2),v(2058,3),v(2306,2)))
computeVectorTable...completed
computeMtpCisPairs...completed: 21088 MTPs found

removeTranslationallyEquivalentMtps
...DONE: 12105 translationally distinct MTPs
Finding best TEC

Best TEC: (2.33,1.00) T(P(p(16,32),p(18,31),p(20,29)),V(v(0,0),v(680,-2),v(796,2),v(1400,0),v(1528,0),v(2322,0),v(2438,0)))
computeVectorTable...completed
computeMtpCisPairs...completed: 20365 MTPs found

removeTranslationallyEquivalentMtps
...DONE: 11461 translationally distinct MTPs
Finding best TEC

Best TEC: (2.25,1.00) T(P(p(56,27),p(184,27),p(202,27)),V(v(0,0),v(890,5),v(1186,2),v(1650,1),v(2264,4),v(2288,1)))
computeVectorTable...completed
computeMtpCisPairs...completed: 19853 MTPs found

removeTranslationallyEquivalentMtps
...DONE: 10914 translationally distinct MTPs
Finding best TEC

Best TEC: (2.14,0.50) T(P(p(468,26),p(492,25),p(524,26)),V(v(0,0),v(220,6),v(284,6),v(1432,2),v(1716,2)))
computeVectorTable...completed
computeMtpCisPairs...completed: 19325 MTPs found

removeTranslationallyEquivalentMtps
...DONE: 10386 translationally distinct MTPs
Finding best TEC

Best TEC: (2.14,0.43) T(P(p(354,29),p(1228,29),p(1272,29)),V(v(0,0),v(894,-1),v(994,5),v(998,2),v(1142,3)))
computeVectorTable...completed
computeMtpCisPairs...completed: 18693 MTPs found

removeTranslationallyEquivalentMtps
...DONE: 9775 translationally distinct MTPs
Finding best TEC

Best TEC: (2.29,0.09) T(P(p(242,29),p(500,29),p(530,27),p(686,29)),V(v(0,0),v(472,0),v(664,2),v(1396,1)))
computeVectorTable...completed
computeMtpCisPairs...completed: 18365 MTPs found

removeTranslationallyEquivalentMtps
...DONE: 9316 translationally distinct MTPs
Finding best TEC

Best TEC: (2.14,0.10) T(P(p(480,30),p(576,29),p(824,29)),V(v(0,0),v(244,1),v(292,2),v(1096,-2),v(1606,-1)))
computeVectorTable...completed
computeMtpCisPairs...completed: 17954 MTPs found

removeTranslationallyEquivalentMtps
...DONE: 8823 translationally distinct MTPs
Finding best TEC

Best TEC: (2.00,1.00) T(P(p(1104,32),p(1108,33),p(1112,34)),V(v(0,0),v(176,-1),v(372,-5),v(658,-5)))
computeVectorTable...completed
computeMtpCisPairs...completed: 17440 MTPs found

removeTranslationallyEquivalentMtps
...DONE: 8339 translationally distinct MTPs
Finding best TEC

Best TEC: (2.00,0.25) T(P(p(224,31),p(232,29),p(322,28)),V(v(0,0),v(496,0),v(1510,2),v(2170,-1)))
computeVectorTable...completed
computeMtpCisPairs...completed: 16956 MTPs found

removeTranslationallyEquivalentMtps
...DONE: 7830 translationally distinct MTPs
Finding best TEC

Best TEC: (2.00,0.20) T(P(p(308,28),p(628,28),p(982,28)),V(v(0,0),v(104,-1),v(422,0),v(1566,1)))
computeVectorTable...completed
computeMtpCisPairs...completed: 16545 MTPs found

removeTranslationallyEquivalentMtps
...DONE: 7313 translationally distinct MTPs
Finding best TEC

Best TEC: (2.00,0.13) T(P(p(248,29),p(462,29),p(784,29)),V(v(0,0),v(436,2),v(556,2),v(1650,-2)))
computeVectorTable...completed
computeMtpCisPairs...completed: 16050 MTPs found

removeTranslationallyEquivalentMtps
...DONE: 6727 translationally distinct MTPs
Finding best TEC

Best TEC: (2.00,0.05) T(P(p(52,29),p(392,32),p(476,31)),V(v(0,0),v(216,-3),v(1578,-3),v(1650,-1)))
computeVectorTable...completed
computeMtpCisPairs...completed: 15493 MTPs found

removeTranslationallyEquivalentMtps
...DONE: 6135 translationally distinct MTPs
Finding best TEC

Best TEC: (2.00,0.12) T(P(p(182,29),p(278,28),p(426,28)),V(v(0,0),v(290,0),v(718,3),v(2118,0)))
computeVectorTable...completed
computeMtpCisPairs...completed: 14908 MTPs found

removeTranslationallyEquivalentMtps
...DONE: 5542 translationally distinct MTPs
Finding best TEC

Best TEC: (1.82,1.00) T(P(p(138,32),p(140,31)),V(v(0,0),v(126,-6),v(406,-5),v(444,-4),v(642,-3),v(736,-3),v(1012,-4),v(1152,0),v(1440,-3),v(1582,-5)))
computeVectorTable...completed
computeMtpCisPairs...completed: 13761 MTPs found

removeTranslationallyEquivalentMtps
...DONE: 4497 translationally distinct MTPs
Finding best TEC

Best TEC: (1.80,1.00) T(P(p(30,31),p(32,31)),V(v(0,0),v(496,-5),v(1012,0),v(1110,-2),v(1160,3),v(2042,0),v(2116,-4),v(2140,-2),v(2180,-4)))
computeVectorTable...completed
computeMtpCisPairs...completed: 12454 MTPs found

removeTranslationallyEquivalentMtps
...DONE: 3680 translationally distinct MTPs
Finding best TEC

Best TEC: (1.80,1.00) T(P(p(36,28),p(164,28)),V(v(0,0),v(184,1),v(400,-1),v(518,1),v(674,1),v(964,3),v(1066,4),v(1618,6),v(2402,3)))
computeVectorTable...completed
computeMtpCisPairs...completed: 11139 MTPs found

removeTranslationallyEquivalentMtps
...DONE: 2942 translationally distinct MTPs
Finding best TEC

Best TEC: (1.80,0.25) T(P(p(536,27),p(538,28),p(588,25)),V(v(0,0),v(1396,1),v(1556,4)))
computeVectorTable...completed
computeMtpCisPairs...completed: 10500 MTPs found

removeTranslationallyEquivalentMtps
...DONE: 2564 translationally distinct MTPs
Finding best TEC

Best TEC: (1.80,0.15) T(P(p(250,27),p(366,28),p(434,29)),V(v(0,0),v(840,0),v(1386,1)))
computeVectorTable...completed
computeMtpCisPairs...completed: 9894 MTPs found

removeTranslationallyEquivalentMtps
...DONE: 2170 translationally distinct MTPs
Finding best TEC

Best TEC: (1.80,0.08) T(P(p(270,27),p(276,27),p(1276,27)),V(v(0,0),v(618,3),v(646,0)))
computeVectorTable...completed
computeMtpCisPairs...completed: 9197 MTPs found

removeTranslationallyEquivalentMtps
...DONE: 1835 translationally distinct MTPs
Finding best TEC

Best TEC: (1.80,0.03) T(P(p(116,29),p(170,29),p(832,27)),V(v(0,0),v(860,2),v(1270,2)))
computeVectorTable...completed
computeMtpCisPairs...completed: 8486 MTPs found

removeTranslationallyEquivalentMtps
...DONE: 1535 translationally distinct MTPs
Finding best TEC

Best TEC: (1.71,1.00) T(P(p(502,29),p(504,27)),V(v(0,0),v(12,-5),v(1438,0),v(1475,2),v(1546,2),v(2068,2)))
computeVectorTable...completed
computeMtpCisPairs...completed: 7429 MTPs found

removeTranslationallyEquivalentMtps
...DONE: 1173 translationally distinct MTPs
Finding best TEC

Best TEC: (1.71,0.67) T(P(p(448,26),p(508,26)),V(v(0,0),v(242,5),v(500,5),v(558,3),v(1180,4),v(1814,6)))
computeVectorTable...completed
computeMtpCisPairs...completed: 6445 MTPs found

removeTranslationallyEquivalentMtps
...DONE: 863 translationally distinct MTPs
Finding best TEC

Best TEC: (1.67,0.40) T(P(p(124,31),p(282,30)),V(v(0,0),v(413,-2),v(1350,-3),v(1442,-3),v(2100,1)))
computeVectorTable...completed
computeMtpCisPairs...completed: 5595 MTPs found

removeTranslationallyEquivalentMtps
...DONE: 678 translationally distinct MTPs
Finding best TEC

Best TEC: (1.60,0.67) T(P(p(194,27),p(201,26)),V(v(0,0),v(429,0),v(1904,2),v(1915,1)))
computeVectorTable...completed
computeMtpCisPairs...completed: 4902 MTPs found

removeTranslationallyEquivalentMtps
...DONE: 559 translationally distinct MTPs
Finding best TEC

Best TEC: (1.60,0.25) T(P(p(1430,29),p(1570,28)),V(v(0,0),v(308,3),v(452,1),v(936,4)))
computeVectorTable...completed
computeMtpCisPairs...completed: 4313 MTPs found

removeTranslationallyEquivalentMtps
...DONE: 412 translationally distinct MTPs
Finding best TEC

Best TEC: (1.60,0.07) T(P(p(316,29),p(466,27),p(496,25),p(620,28)),V(v(0,0),v(494,4)))
computeVectorTable...completed
computeMtpCisPairs...completed: 3706 MTPs found

removeTranslationallyEquivalentMtps
...DONE: 297 translationally distinct MTPs
Finding best TEC

Best TEC: (1.60,0.05) T(P(p(2,29),p(1048,29)),V(v(0,0),v(482,0),v(982,-2),v(1262,0)))
computeVectorTable...completed
computeMtpCisPairs...completed: 3127 MTPs found

removeTranslationallyEquivalentMtps
...DONE: 214 translationally distinct MTPs
Finding best TEC

Best TEC: (1.50,1.00) T(P(p(1596,31),p(1600,33)),V(v(0,0),v(601,-2),v(664,0)))
computeVectorTable...completed
computeMtpCisPairs...completed: 2716 MTPs found

removeTranslationallyEquivalentMtps
...DONE: 168 translationally distinct MTPs
Finding best TEC

Best TEC: (1.50,0.50) T(P(p(1270,30),p(1314,29)),V(v(0,0),v(178,2),v(1218,-1)))
computeVectorTable...completed
computeMtpCisPairs...completed: 2339 MTPs found

removeTranslationallyEquivalentMtps
...DONE: 117 translationally distinct MTPs
Finding best TEC

Best TEC: (1.50,0.40) T(P(p(626,26),p(680,27)),V(v(0,0),v(244,5),v(400,4)))
computeVectorTable...completed
computeMtpCisPairs...completed: 1976 MTPs found

removeTranslationallyEquivalentMtps
...DONE: 81 translationally distinct MTPs
Finding best TEC

Best TEC: (1.50,0.17) T(P(p(850,31),p(942,33)),V(v(0,0),v(1256,-4),v(1300,-3)))
computeVectorTable...completed
computeMtpCisPairs...completed: 1652 MTPs found

removeTranslationallyEquivalentMtps
...DONE: 55 translationally distinct MTPs
Finding best TEC

Best TEC: (1.50,0.06) T(P(p(0,27),p(230,30)),V(v(0,0),v(112,1),v(2326,1)))
computeVectorTable...completed
computeMtpCisPairs...completed: 1342 MTPs found

removeTranslationallyEquivalentMtps
...DONE: 37 translationally distinct MTPs
Finding best TEC

Best TEC: (1.33,1.00) T(P(p(1328,28),p(1332,29)),V(v(0,0),v(446,3)))
computeVectorTable...completed
computeMtpCisPairs...completed: 1152 MTPs found

removeTranslationallyEquivalentMtps
...DONE: 25 translationally distinct MTPs
Finding best TEC

Best TEC: (1.33,0.50) T(P(p(2097,31),p(2138,31)),V(v(0,0),v(26,-3)))
computeVectorTable...completed
computeMtpCisPairs...completed: 974 MTPs found

removeTranslationallyEquivalentMtps
...DONE: 17 translationally distinct MTPs
Finding best TEC

Best TEC: (1.33,0.40) T(P(p(1574,27),p(1756,27)),V(v(0,0),v(824,0)))
computeVectorTable...completed
computeMtpCisPairs...completed: 812 MTPs found

removeTranslationallyEquivalentMtps
...DONE: 9 translationally distinct MTPs
Finding best TEC

Best TEC: (1.33,0.20) T(P(p(64,27),p(238,29)),V(v(0,0),v(872,5)))
computeVectorTable...completed
computeMtpCisPairs...completed: 660 MTPs found

removeTranslationallyEquivalentMtps
...DONE: 7 translationally distinct MTPs
Finding best TEC

Best TEC: (1.33,0.13) T(P(p(167,27),p(245,29)),V(v(0,0),v(481,2)))
computeVectorTable...completed
computeMtpCisPairs...completed: 528 MTPs found

removeTranslationallyEquivalentMtps
...DONE: 1 translationally distinct MTPs
Finding best TEC

Best TEC: (1.00,0.04) T(P(p(33,31),p(96,30),p(134,33),p(144,28),p(198,25),p(262,22),p(344,32),p(370,25),p(429,29),p(499,27),p(658,32),p(740,32),p(779,30),p(1198,30),p(1411,31),p(1780,33),p(1844,28),p(1848,26),p(1870,30),p(1892,27),p(2002,30),p(2062,26),p(2101,28),p(2178,31),p(2204,31),p(2245,28),p(2246,27),p(2269,31),p(2294,31),p(2309,30),p(2346,27),p(2420,33),p(2576,28)),V(v(0,0)))
