computeVectorTable...completed
computeMtpCisPairs...completed: 20750 MTPs found

removeTranslationallyEquivalentMtps
...DONE: 10602 translationally distinct MTPs
Finding best TEC

Best TEC: (5.76,0.58) T(P(p(768,34),p(864,30),p(870,29),p(876,30),p(882,31),p(888,32),p(894,33),p(900,34),p(906,30),p(912,29),p(924,28)),V(v(0,0),v(378,-3),v(1548,0),v(1752,0),v(2118,0),v(2310,0),v(2694,0),v(3090,0),v(3282,0),v(3666,0),v(3858,0)))
computeVectorTable...completed
computeMtpCisPairs...completed: 18069 MTPs found

removeTranslationallyEquivalentMtps
...DONE: 8993 translationally distinct MTPs
Finding best TEC

Best TEC: (3.69,1.00) T(P(p(132,35),p(144,34),p(150,34),p(156,33),p(168,32),p(180,31)),V(v(0,0),v(288,-4),v(372,0),v(846,-7),v(942,-3),v(2694,0),v(3546,-4),v(4134,-4)))
computeVectorTable...completed
computeMtpCisPairs...completed: 16506 MTPs found

removeTranslationallyEquivalentMtps
...DONE: 7926 translationally distinct MTPs
Finding best TEC

Best TEC: (3.14,0.50) T(P(p(72,29),p(264,29),p(648,29),p(840,29)),V(v(0,0),v(1500,2),v(3762,2),v(3774,2),v(3798,2),v(3810,3),v(3816,4),v(3822,5),v(3828,3),v(3834,2),v(3858,0)))
computeVectorTable...completed
computeMtpCisPairs...completed: 14851 MTPs found

removeTranslationallyEquivalentMtps
...DONE: 6895 translationally distinct MTPs
Finding best TEC

Best TEC: (2.80,0.80) T(P(p(624,31),p(672,30),p(678,29),p(690,31)),V(v(0,0),v(540,-3),v(1710,0),v(1914,0),v(2286,0),v(2472,0),v(2856,0)))
computeVectorTable...completed
computeMtpCisPairs...completed: 14238 MTPs found

removeTranslationallyEquivalentMtps
...DONE: 6376 translationally distinct MTPs
Finding best TEC

Best TEC: (2.60,0.80) T(P(p(12,31),p(24,31),p(396,31),p(408,31)),V(v(0,0),v(948,-3),v(960,-3),v(1824,3),v(1896,0),v(3234,-4),v(3258,0)))
computeVectorTable...completed
computeMtpCisPairs...completed: 13425 MTPs found

removeTranslationallyEquivalentMtps
...DONE: 5673 translationally distinct MTPs
Finding best TEC

Best TEC: (2.50,1.00) T(P(p(708,30),p(714,30),p(720,29),p(732,28)),V(v(0,0),v(1536,5),v(2682,5),v(3066,4),v(3642,4)))
computeVectorTable...completed
computeMtpCisPairs...completed: 12603 MTPs found

removeTranslationallyEquivalentMtps
...DONE: 5038 translationally distinct MTPs
Finding best TEC

Best TEC: (2.25,0.04) T(P(p(48,29),p(1632,27),p(1644,26)),V(v(0,0),v(438,5),v(528,5),v(1128,2),v(1686,2),v(2754,5)))
computeVectorTable...completed
computeMtpCisPairs...completed: 11872 MTPs found

removeTranslationallyEquivalentMtps
...DONE: 4491 translationally distinct MTPs
Finding best TEC

Best TEC: (2.17,1.00) T(P(p(1182,30),p(1188,29),p(1194,28)),V(v(0,0),v(246,1),v(810,3),v(1164,4),v(1170,3),v(1368,4),v(1374,3),v(1746,3),v(1932,3),v(2118,2)))
computeVectorTable...completed
computeMtpCisPairs...completed: 10935 MTPs found

removeTranslationallyEquivalentMtps
...DONE: 3661 translationally distinct MTPs
Finding best TEC

Best TEC: (2.25,0.86) T(P(p(564,31),p(588,31),p(600,32),p(606,33),p(612,34),p(618,32)),V(v(0,0),v(192,0),v(2886,0)))
computeVectorTable...completed
computeMtpCisPairs...completed: 10039 MTPs found

removeTranslationallyEquivalentMtps
...DONE: 3032 translationally distinct MTPs
Finding best TEC

Best TEC: (2.00,0.30) T(P(p(120,34),p(240,32),p(252,31)),V(v(0,0),v(84,0),v(1548,-3),v(1944,-3)))
computeVectorTable...completed
computeMtpCisPairs...completed: 9427 MTPs found

removeTranslationallyEquivalentMtps
...DONE: 2627 translationally distinct MTPs
Finding best TEC

Best TEC: (2.00,0.09) T(P(p(492,34),p(498,34),p(1062,31)),V(v(0,0),v(966,-2),v(1482,0),v(2886,-2)))
computeVectorTable...completed
computeMtpCisPairs...completed: 8734 MTPs found

removeTranslationallyEquivalentMtps
...DONE: 2186 translationally distinct MTPs
Finding best TEC

Best TEC: (1.85,0.67) T(P(p(60,29),p(84,27)),V(v(0,0),v(450,6),v(1020,3),v(1332,-3),v(1422,2),v(1428,1),v(1476,2),v(1524,-1),v(1692,3),v(1800,6),v(1812,5),v(3348,5)))
computeVectorTable...completed
computeMtpCisPairs...completed: 7209 MTPs found

removeTranslationallyEquivalentMtps
...DONE: 1419 translationally distinct MTPs
Finding best TEC

Best TEC: (1.80,0.50) T(P(p(1812,27),p(2118,27),p(2724,27)),V(v(0,0),v(12,4),v(702,7)))
computeVectorTable...completed
computeMtpCisPairs...completed: 6639 MTPs found

removeTranslationallyEquivalentMtps
...DONE: 1194 translationally distinct MTPs
Finding best TEC

Best TEC: (1.80,0.33) T(P(p(288,29),p(666,29),p(684,30)),V(v(0,0),v(1374,0),v(3078,5)))
computeVectorTable...completed
computeMtpCisPairs...completed: 6023 MTPs found

removeTranslationallyEquivalentMtps
...DONE: 926 translationally distinct MTPs
Finding best TEC

Best TEC: (1.80,0.27) T(P(p(1170,28),p(1362,28),p(1524,28)),V(v(0,0),v(570,3),v(1932,3)))
computeVectorTable...completed
computeMtpCisPairs...completed: 5490 MTPs found

removeTranslationallyEquivalentMtps
...DONE: 696 translationally distinct MTPs
Finding best TEC

Best TEC: (1.71,1.00) T(P(p(1336,26),p(1340,27)),V(v(0,0),v(48,4),v(192,3),v(240,4),v(336,4),v(2998,8)))
computeVectorTable...completed
computeMtpCisPairs...completed: 4272 MTPs found

removeTranslationallyEquivalentMtps
...DONE: 647 translationally distinct MTPs
Finding best TEC

Best TEC: (1.71,1.00) T(P(p(696,32),p(702,32)),V(v(0,0),v(1584,0),v(2010,-3),v(2052,-4),v(2658,-1),v(3054,2)))
computeVectorTable...completed
computeMtpCisPairs...completed: 3521 MTPs found

removeTranslationallyEquivalentMtps
...DONE: 418 translationally distinct MTPs
Finding best TEC

Best TEC: (1.67,1.00) T(P(p(96,34),p(108,33)),V(v(0,0),v(252,-6),v(840,-7),v(948,-3),v(3714,-2)))
computeVectorTable...completed
computeMtpCisPairs...completed: 2892 MTPs found

removeTranslationallyEquivalentMtps
...DONE: 284 translationally distinct MTPs
Finding best TEC

Best TEC: (1.67,1.00) T(P(p(33,31),p(57,30)),V(v(0,0),v(1083,-2),v(1593,-3),v(1647,-6),v(2124,0)))
computeVectorTable...completed
computeMtpCisPairs...completed: 2268 MTPs found

removeTranslationallyEquivalentMtps
...DONE: 195 translationally distinct MTPs
Finding best TEC

Best TEC: (1.60,0.15) T(P(p(300,30),p(2046,30)),V(v(0,0),v(1296,-3),v(2184,-3),v(2208,1)))
computeVectorTable...completed
computeMtpCisPairs...completed: 1856 MTPs found

removeTranslationallyEquivalentMtps
...DONE: 126 translationally distinct MTPs
Finding best TEC

Best TEC: (1.60,0.09) T(P(p(138,35),p(1956,34)),V(v(0,0),v(828,-7),v(1098,-7),v(1308,-5)))
computeVectorTable...completed
computeMtpCisPairs...completed: 1451 MTPs found

removeTranslationallyEquivalentMtps
...DONE: 81 translationally distinct MTPs
Finding best TEC

Best TEC: (1.50,0.50) T(P(p(744,31),p(816,31)),V(v(0,0),v(636,0),v(2694,0)))
computeVectorTable...completed
computeMtpCisPairs...completed: 1176 MTPs found

removeTranslationallyEquivalentMtps
...DONE: 50 translationally distinct MTPs
Finding best TEC

Best TEC: (1.33,1.00) T(P(p(0,27),p(6,29)),V(v(0,0),v(1548,1)))
computeVectorTable...completed
computeMtpCisPairs...completed: 996 MTPs found

removeTranslationallyEquivalentMtps
...DONE: 40 translationally distinct MTPs
Finding best TEC

Best TEC: (1.33,0.67) T(P(p(330,32),p(546,32)),V(v(0,0),v(1398,-1)))
computeVectorTable...completed
computeMtpCisPairs...completed: 832 MTPs found

removeTranslationallyEquivalentMtps
...DONE: 30 translationally distinct MTPs
Finding best TEC

Best TEC: (1.33,0.50) T(P(p(2088,32),p(2136,31)),V(v(0,0),v(780,0)))
computeVectorTable...completed
computeMtpCisPairs...completed: 688 MTPs found

removeTranslationallyEquivalentMtps
...DONE: 16 translationally distinct MTPs
Finding best TEC

Best TEC: (1.33,0.33) T(P(p(78,28),p(954,28)),V(v(0,0),v(1254,-1)))
computeVectorTable...completed
computeMtpCisPairs...completed: 552 MTPs found

removeTranslationallyEquivalentMtps
...DONE: 10 translationally distinct MTPs
Finding best TEC

Best TEC: (1.33,0.18) T(P(p(2688,27),p(2796,34)),V(v(0,0),v(1530,0)))
computeVectorTable...completed
computeMtpCisPairs...completed: 431 MTPs found

removeTranslationallyEquivalentMtps
...DONE: 5 translationally distinct MTPs
Finding best TEC

Best TEC: (1.33,0.15) T(P(p(1773,31),p(2055,29)),V(v(0,0),v(2469,0)))
computeVectorTable...completed
computeMtpCisPairs...completed: 323 MTPs found

removeTranslationallyEquivalentMtps
...DONE: 3 translationally distinct MTPs
Finding best TEC

Best TEC: (1.33,0.02) T(P(p(858,31),p(2106,28)),V(v(0,0),v(2034,3)))
computeVectorTable...completed
computeMtpCisPairs...completed: 231 MTPs found

removeTranslationallyEquivalentMtps
...DONE: 1 translationally distinct MTPs
Finding best TEC

Best TEC: (1.00,0.04) T(P(p(36,29),p(192,31),p(222,33),p(228,34),p(249,32),p(312,31),p(342,26),p(384,27),p(1314,24),p(1404,25),p(1656,28),p(1845,34),p(1989,34),p(2241,34),p(2310,34),p(2730,29),p(2814,34),p(3072,34),p(3288,31),p(4330,34),p(4716,29),p(4794,27)),V(v(0,0)))
