
Parameter values
================
Basic algorithm: (-a): COSIATEC
Input file (-i): /home/irisren/Dropbox/400tools/DM/Daar_zou_er_een_maagdje_vroeg_opstaan_2.txt
Output directory (-o): /home/irisren/Dropbox/400tools/DM/./output/Daar_zou_er_een_maagdje_vroeg_opstaan_2-txt-2018-10-04-13-16-25-619
Morphetic (diatonic) pitch (-d): true
MIREX (-m): true
Compactness trawler (-ct): false
Minimum compactness of trawled patterns (-cta): 0.67
Minimum size of trawled patterns (-ctb): 3
For r superdiagonals (-rsd): false
r (-r): 1
Remove redundant translators (-rrt): false
Minimum TEC compactness (-minc): 0.0
Minimum pattern size (-min): 0
Maximum pattern size (-max): Unlimited
Merge TECS (-merge): false
Minimum match size if TECs are merged (-minm): 5
Number of iterations if TECs are merged (-spins): 10
Remove channel 10 (drum channel) in MIDI (-no10): false
Help requested (-h): false
Draw analysis (-draw): false
Minimum compression ratio in Forth's algorithm (-crlow): 0.2
Maximum compression ratio in Forth's algorithm (-crhi): 1.0
Minimum compactness threshold in Forth's algorithm (-comlow): 0.2
Maximum compactness threshold in Forth's algorithm (-comhi): 1.0
c_min threshold in Forth's algorithm (-cmin): 15
sigma_min threshold in Forth's algorithm (-sigmin): 0.5
Using bounding-box compactness in Forth's algorithm (-bbcomp): false
Appending date to output directories (-nodate) (N.B.: if true, then NO DATE APPENDED): false
Using BB mode in MIREX output (-bbmode): false
Using Segment mode in MIREX output (-segmode): false
Output file (-out): null
Top N Patterns (-top): 0
Basic algorithm used by RecurSIA (-recalg): COSIATEC
Sort TECs by decreasing pattern size (-sortpat): false

