computeVectorTable...completed
computeMtpCisPairs...completed: 16736 MTPs found

removeTranslationallyEquivalentMtps
...DONE: 11339 translationally distinct MTPs
Finding best TEC

Best TEC: (4.38,0.50) T(P(p(10,31),p(12,32),p(14,31),p(16,31),p(22,31),p(36,30),p(78,32),p(88,32)),V(v(0,0),v(226,0),v(436,0),v(664,0),v(1178,0),v(1378,0),v(1708,0),v(1816,0),v(1822,0)))
computeVectorTable...completed
computeMtpCisPairs...completed: 16313 MTPs found

removeTranslationallyEquivalentMtps
...DONE: 10806 translationally distinct MTPs
Finding best TEC

Best TEC: (4.00,0.31) T(P(p(280,27),p(284,29),p(286,31),p(310,34),p(312,33),p(316,31),p(320,30),p(322,29),p(346,32),p(348,31),p(358,31),p(374,32),p(376,32),p(382,31),p(398,34),p(442,31)),V(v(0,0),v(336,0),v(444,0),v(1152,0),v(1380,0)))
computeVectorTable...completed
computeMtpCisPairs...completed: 15586 MTPs found

removeTranslationallyEquivalentMtps
...DONE: 10035 translationally distinct MTPs
Finding best TEC

Best TEC: (2.91,1.00) T(P(p(18,32),p(20,31),p(24,29),p(26,29)),V(v(0,0),v(108,0),v(436,0),v(544,0),v(936,2),v(1178,0),v(1378,0),v(1888,2)))
computeVectorTable...completed
computeMtpCisPairs...completed: 15185 MTPs found

removeTranslationallyEquivalentMtps
...DONE: 9645 translationally distinct MTPs
Finding best TEC

Best TEC: (2.80,0.57) T(P(p(166,31),p(226,31),p(394,31),p(502,31)),V(v(0,0),v(256,1),v(270,-4),v(274,-2),v(904,0),v(1108,0),v(1378,0)))
computeVectorTable...completed
computeMtpCisPairs...completed: 14843 MTPs found

removeTranslationallyEquivalentMtps
...DONE: 9306 translationally distinct MTPs
Finding best TEC

Best TEC: (2.67,0.57) T(P(p(116,31),p(120,31),p(122,32),p(146,30)),V(v(0,0),v(434,0),v(826,4),v(918,4),v(1370,0),v(1436,4)))
computeVectorTable...completed
computeMtpCisPairs...completed: 14212 MTPs found

removeTranslationallyEquivalentMtps
...DONE: 8810 translationally distinct MTPs
Finding best TEC

Best TEC: (2.65,1.00) T(P(p(84,32),p(92,33),p(94,32)),V(v(0,0),v(140,-1),v(248,-1),v(808,-1),v(896,-1),v(902,-1),v(990,-1),v(1070,-1),v(1178,0),v(1208,-1),v(1220,-1),v(1226,-1),v(1482,1),v(1514,-1),v(1700,1)))
computeVectorTable...completed
computeMtpCisPairs...completed: 13773 MTPs found

removeTranslationallyEquivalentMtps
...DONE: 8309 translationally distinct MTPs
Finding best TEC

Best TEC: (2.50,1.00) T(P(p(0,27),p(108,27),p(110,27)),V(v(0,0),v(30,4),v(136,2),v(158,5),v(244,2),v(356,4),v(464,4),v(788,4),v(918,4),v(936,7),v(984,4),v(1116,5),v(1508,4),v(1732,2)))
computeVectorTable...completed
computeMtpCisPairs...completed: 13032 MTPs found

removeTranslationallyEquivalentMtps
...DONE: 7705 translationally distinct MTPs
Finding best TEC

Best TEC: (2.40,0.30) T(P(p(42,28),p(370,28),p(1220,28)),V(v(0,0),v(2,0),v(18,1),v(34,5),v(48,6),v(58,2),v(60,1),v(188,3)))
computeVectorTable...completed
computeMtpCisPairs...completed: 12309 MTPs found

removeTranslationallyEquivalentMtps
...DONE: 7054 translationally distinct MTPs
Finding best TEC

Best TEC: (2.40,0.25) T(P(p(338,31),p(566,31),p(782,31)),V(v(0,0),v(26,-1),v(62,2),v(68,1),v(140,-1),v(576,1),v(782,3),v(1104,3)))
computeVectorTable...completed
computeMtpCisPairs...completed: 11879 MTPs found

removeTranslationallyEquivalentMtps
...DONE: 6587 translationally distinct MTPs
Finding best TEC

Best TEC: (2.40,0.30) T(P(p(160,32),p(640,32),p(748,32)),V(v(0,0),v(264,-1),v(370,0),v(676,-1),v(696,2),v(840,-5),v(844,-3),v(1128,-3)))
computeVectorTable...completed
computeMtpCisPairs...completed: 11295 MTPs found

removeTranslationallyEquivalentMtps
...DONE: 5997 translationally distinct MTPs
Finding best TEC

Best TEC: (2.29,0.33) T(P(p(64,31),p(178,31),p(200,30),p(290,31)),V(v(0,0),v(6,3),v(8,2),v(1424,0)))
computeVectorTable...completed
computeMtpCisPairs...completed: 10726 MTPs found

removeTranslationallyEquivalentMtps
...DONE: 5492 translationally distinct MTPs
Finding best TEC

Best TEC: (2.14,0.50) T(P(p(412,31),p(484,32),p(490,31)),V(v(0,0),v(114,0),v(650,2),v(1158,0),v(1188,1)))
computeVectorTable...completed
computeMtpCisPairs...completed: 10376 MTPs found

removeTranslationallyEquivalentMtps
...DONE: 5069 translationally distinct MTPs
Finding best TEC

Best TEC: (2.00,1.00) T(P(p(214,30),p(216,29),p(220,31)),V(v(0,0),v(674,1),v(1126,4),v(1584,1)))
computeVectorTable...completed
computeMtpCisPairs...completed: 9988 MTPs found

removeTranslationallyEquivalentMtps
...DONE: 4713 translationally distinct MTPs
Finding best TEC

Best TEC: (2.00,1.00) T(P(p(156,30),p(172,29),p(174,29)),V(v(0,0),v(710,2),v(1350,-1),v(1578,-1)))
computeVectorTable...completed
computeMtpCisPairs...completed: 9466 MTPs found

removeTranslationallyEquivalentMtps
...DONE: 4313 translationally distinct MTPs
Finding best TEC

Best TEC: (2.00,0.14) T(P(p(978,31),p(1136,33),p(1184,31)),V(v(0,0),v(194,-4),v(312,0),v(734,-2)))
computeVectorTable...completed
computeMtpCisPairs...completed: 8988 MTPs found

removeTranslationallyEquivalentMtps
...DONE: 3903 translationally distinct MTPs
Finding best TEC

Best TEC: (2.00,0.18) T(P(p(688,29),p(690,28),p(1182,29)),V(v(0,0),v(172,5),v(458,3),v(678,2)))
computeVectorTable...completed
computeMtpCisPairs...completed: 8588 MTPs found

removeTranslationallyEquivalentMtps
...DONE: 3459 translationally distinct MTPs
Finding best TEC

Best TEC: (2.00,0.08) T(P(p(190,32),p(416,31),p(786,31)),V(v(0,0),v(144,0),v(634,1),v(826,-2)))
computeVectorTable...completed
computeMtpCisPairs...completed: 8188 MTPs found

removeTranslationallyEquivalentMtps
...DONE: 3079 translationally distinct MTPs
Finding best TEC

Best TEC: (1.82,1.00) T(P(p(46,32),p(48,32)),V(v(0,0),v(106,-2),v(150,-4),v(260,0),v(474,1),v(596,0),v(984,2),v(1316,-3),v(1500,2),v(1816,0)))
computeVectorTable...completed
computeMtpCisPairs...completed: 7137 MTPs found

removeTranslationallyEquivalentMtps
...DONE: 2347 translationally distinct MTPs
Finding best TEC

Best TEC: (1.80,0.30) T(P(p(6,31),p(222,31),p(344,31)),V(v(0,0),v(626,2),v(1074,0)))
computeVectorTable...completed
computeMtpCisPairs...completed: 6736 MTPs found

removeTranslationallyEquivalentMtps
...DONE: 2045 translationally distinct MTPs
Finding best TEC

Best TEC: (1.80,0.20) T(P(p(192,31),p(202,31),p(528,31)),V(v(0,0),v(346,-2),v(766,1)))
computeVectorTable...completed
computeMtpCisPairs...completed: 6313 MTPs found

removeTranslationallyEquivalentMtps
...DONE: 1731 translationally distinct MTPs
Finding best TEC

Best TEC: (1.80,0.17) T(P(p(532,31),p(868,31),p(1166,31)),V(v(0,0),v(4,-1),v(218,0)))
computeVectorTable...completed
computeMtpCisPairs...completed: 5870 MTPs found

removeTranslationallyEquivalentMtps
...DONE: 1429 translationally distinct MTPs
Finding best TEC

Best TEC: (1.80,0.05) T(P(p(264,30),p(906,27),p(1018,29)),V(v(0,0),v(338,4),v(476,2)))
computeVectorTable...completed
computeMtpCisPairs...completed: 5384 MTPs found

removeTranslationallyEquivalentMtps
...DONE: 1144 translationally distinct MTPs
Finding best TEC

Best TEC: (1.75,0.07) T(P(p(256,30),p(544,27),p(774,27),p(798,29),p(908,28),p(910,29),p(1426,29)),V(v(0,0),v(250,4)))
computeVectorTable...completed
computeMtpCisPairs...completed: 4545 MTPs found

removeTranslationallyEquivalentMtps
...DONE: 777 translationally distinct MTPs
Finding best TEC

Best TEC: (1.71,1.00) T(P(p(708,31),p(816,31)),V(v(0,0),v(416,0),v(470,-4),v(1000,-4),v(1066,3),v(1072,2)))
computeVectorTable...completed
computeMtpCisPairs...completed: 3730 MTPs found

removeTranslationallyEquivalentMtps
...DONE: 559 translationally distinct MTPs
Finding best TEC

Best TEC: (1.67,0.10) T(P(p(4,29),p(86,32)),V(v(0,0),v(206,2),v(830,0),v(920,0),v(1816,0)))
computeVectorTable...completed
computeMtpCisPairs...completed: 3124 MTPs found

removeTranslationallyEquivalentMtps
...DONE: 391 translationally distinct MTPs
Finding best TEC

Best TEC: (1.60,0.04) T(P(p(250,31),p(1052,31)),V(v(0,0),v(24,0),v(173,1),v(684,0)))
computeVectorTable...completed
computeMtpCisPairs...completed: 2636 MTPs found

removeTranslationallyEquivalentMtps
...DONE: 287 translationally distinct MTPs
Finding best TEC

Best TEC: (1.50,1.00) T(P(p(964,36),p(966,35)),V(v(0,0),v(92,0),v(406,-8)))
computeVectorTable...completed
computeMtpCisPairs...completed: 2268 MTPs found

removeTranslationallyEquivalentMtps
...DONE: 229 translationally distinct MTPs
Finding best TEC

Best TEC: (1.50,0.50) T(P(p(508,35),p(626,34)),V(v(0,0),v(580,-6),v(1176,-3)))
computeVectorTable...completed
computeMtpCisPairs...completed: 1934 MTPs found

removeTranslationallyEquivalentMtps
...DONE: 170 translationally distinct MTPs
Finding best TEC

Best TEC: (1.50,0.29) T(P(p(420,33),p(736,33)),V(v(0,0),v(176,-1),v(572,-2)))
computeVectorTable...completed
computeMtpCisPairs...completed: 1643 MTPs found

removeTranslationallyEquivalentMtps
...DONE: 115 translationally distinct MTPs
Finding best TEC

Best TEC: (1.50,0.22) T(P(p(670,31),p(880,31)),V(v(0,0),v(328,0),v(580,3)))
computeVectorTable...completed
computeMtpCisPairs...completed: 1372 MTPs found

removeTranslationallyEquivalentMtps
...DONE: 60 translationally distinct MTPs
Finding best TEC

Best TEC: (1.33,1.00) T(P(p(796,27),p(832,27)),V(v(0,0),v(708,2)))
computeVectorTable...completed
computeMtpCisPairs...completed: 1176 MTPs found

removeTranslationallyEquivalentMtps
...DONE: 50 translationally distinct MTPs
Finding best TEC

Best TEC: (1.33,0.67) T(P(p(54,31),p(66,34)),V(v(0,0),v(1514,1)))
computeVectorTable...completed
computeMtpCisPairs...completed: 998 MTPs found

removeTranslationallyEquivalentMtps
...DONE: 38 translationally distinct MTPs
Finding best TEC

Best TEC: (1.33,0.50) T(P(p(328,31),p(350,31)),V(v(0,0),v(64,0)))
computeVectorTable...completed
computeMtpCisPairs...completed: 831 MTPs found

removeTranslationallyEquivalentMtps
...DONE: 31 translationally distinct MTPs
Finding best TEC

Best TEC: (1.33,0.20) T(P(p(692,29),p(814,30)),V(v(0,0),v(996,4)))
computeVectorTable...completed
computeMtpCisPairs...completed: 681 MTPs found

removeTranslationallyEquivalentMtps
...DONE: 23 translationally distinct MTPs
Finding best TEC

Best TEC: (1.33,0.15) T(P(p(784,32),p(982,32)),V(v(0,0),v(910,0)))
computeVectorTable...completed
computeMtpCisPairs...completed: 548 MTPs found

removeTranslationallyEquivalentMtps
...DONE: 14 translationally distinct MTPs
Finding best TEC

Best TEC: (1.33,0.11) T(P(p(838,34),p(1043,35)),V(v(0,0),v(274,-4)))
computeVectorTable...completed
computeMtpCisPairs...completed: 430 MTPs found

removeTranslationallyEquivalentMtps
...DONE: 6 translationally distinct MTPs
Finding best TEC

Best TEC: (1.33,0.05) T(P(p(800,31),p(1060,32)),V(v(0,0),v(300,-1)))
computeVectorTable...completed
computeMtpCisPairs...completed: 324 MTPs found

removeTranslationallyEquivalentMtps
...DONE: 2 translationally distinct MTPs
Finding best TEC

Best TEC: (1.00,0.20) T(P(p(594,30),p(1115,30)),V(v(0,0),v(521,0)))
computeVectorTable...completed
computeMtpCisPairs...completed: 253 MTPs found

removeTranslationallyEquivalentMtps
...DONE: 1 translationally distinct MTPs
Finding best TEC

Best TEC: (1.00,0.04) T(P(p(28,31),p(96,31),p(114,29),p(180,34),p(204,33),p(480,31),p(512,34),p(762,31),p(859,34),p(939,34),p(940,34),p(1091,29),p(1207,31),p(1248,31),p(1264,32),p(1306,27),p(1322,29),p(1450,32),p(1458,33),p(1808,33),p(1846,31),p(1868,34),p(1916,30)),V(v(0,0)))
